#
# There is insufficient memory for the Java Runtime Environment to continue.
# Native memory allocation (mmap) failed to map 1291845632 bytes. Error detail: G1 virtual space
# Possible reasons:
#   The system is out of physical RAM or swap space
#   This process is running with CompressedOops enabled, and the Java Heap may be blocking the growth of the native heap
# Possible solutions:
#   Reduce memory load on the system
#   Increase physical memory or swap space
#   Check if swap backing store is full
#   Decrease Java heap size (-Xmx/-Xms)
#   Decrease number of Java threads
#   Decrease Java thread stack sizes (-Xss)
#   Set larger code cache with -XX:ReservedCodeCacheSize=
#   JVM is running with Zero Based Compressed Oops mode in which the Java heap is
#     placed in the first 32GB address space. The Java Heap base address is the
#     maximum limit for the native heap growth. Please use -XX:HeapBaseMinAddress
#     to set the Java Heap base and to place the Java Heap above 32GB virtual address.
# This output file may be truncated or incomplete.
#
#  Out of Memory Error (os_windows.cpp:3631), pid=7220, tid=6260
#
# JRE version: Java(TM) SE Runtime Environment (22.0.2+9) (build 22.0.2+9-70)
# Java VM: Java HotSpot(TM) 64-Bit Server VM (22.0.2+9-70, mixed mode, sharing, tiered, compressed oops, compressed class ptrs, g1 gc, windows-amd64)
# No core dump will be written. Minidumps are not enabled by default on client versions of Windows
#

---------------  S U M M A R Y ------------

Command Line: --module-path=C:\Users\GiaKhanhVN\.m2\repository\org\openjfx\javafx-base\22.0.2\javafx-base-22.0.2-win.jar;C:\Users\GiaKhanhVN\.m2\repository\org\openjfx\javafx-base\22.0.2\javafx-base-22.0.2.jar;C:\Users\GiaKhanhVN\.m2\repository\org\openjfx\javafx-controls\22.0.2\javafx-controls-22.0.2-win.jar;C:\Users\GiaKhanhVN\.m2\repository\org\openjfx\javafx-controls\22.0.2\javafx-controls-22.0.2.jar;C:\Users\GiaKhanhVN\.m2\repository\org\openjfx\javafx-fxml\22.0.2\javafx-fxml-22.0.2-win.jar;C:\Users\GiaKhanhVN\.m2\repository\org\openjfx\javafx-fxml\22.0.2\javafx-fxml-22.0.2.jar;C:\Users\GiaKhanhVN\.m2\repository\org\openjfx\javafx-graphics\22.0.2\javafx-graphics-22.0.2-win.jar;C:\Users\GiaKhanhVN\.m2\repository\org\openjfx\javafx-graphics\22.0.2\javafx-graphics-22.0.2.jar;C:\Users\GiaKhanhVN\.m2\repository\org\openjfx\javafx-media\22.0.2\javafx-media-22.0.2-win.jar;C:\Users\GiaKhanhVN\.m2\repository\org\openjfx\javafx-media\22.0.2\javafx-media-22.0.2.jar --add-modules=javafx.base,javafx.controls,javafx.fxml,javafx.graphics,javafx.media btl.ballgame.client.ArkanoidGame

Host: AMD Ryzen 5 7600X 6-Core Processor             , 12 cores, 31G,  Windows 11 , 64 bit Build 22621 (10.0.22621.3958)
Time: Thu Nov  6 23:55:49 2025 SE Asia Standard Time elapsed time: 2.145191 seconds (0d 0h 0m 2s)

---------------  T H R E A D  ---------------

Current thread (0x0000016cb0bc4b40):  VMThread "VM Thread"          [id=6260, stack(0x0000000100d00000,0x0000000100e00000) (1024K)]

Stack: [0x0000000100d00000,0x0000000100e00000]
Native frames: (J=compiled Java code, j=interpreted, Vv=VM code, C=native code)
V  [jvm.dll+0x6e26e9]  (no source info available)
V  [jvm.dll+0x875753]  (no source info available)
V  [jvm.dll+0x877b7e]  (no source info available)
V  [jvm.dll+0x878253]  (no source info available)
V  [jvm.dll+0x27fc86]  (no source info available)
V  [jvm.dll+0x6ded85]  (no source info available)
V  [jvm.dll+0x6d388a]  (no source info available)
V  [jvm.dll+0x358b8a]  (no source info available)
V  [jvm.dll+0x3610b6]  (no source info available)
V  [jvm.dll+0x3b419e]  (no source info available)
V  [jvm.dll+0x3b4448]  (no source info available)
V  [jvm.dll+0x32c5ec]  (no source info available)
V  [jvm.dll+0x32c677]  (no source info available)
V  [jvm.dll+0x37244c]  (no source info available)
V  [jvm.dll+0x370b46]  (no source info available)
V  [jvm.dll+0x32bcd7]  (no source info available)
V  [jvm.dll+0x370304]  (no source info available)
V  [jvm.dll+0x87e0f0]  (no source info available)
V  [jvm.dll+0x87f477]  (no source info available)
V  [jvm.dll+0x87f9f0]  (no source info available)
V  [jvm.dll+0x87fc93]  (no source info available)
V  [jvm.dll+0x81dc0b]  (no source info available)
V  [jvm.dll+0x6e0d85]  (no source info available)
C  [ucrtbase.dll+0x29333]  (no source info available)
C  [KERNEL32.DLL+0x1257d]  (no source info available)
C  [ntdll.dll+0x5af08]  (no source info available)

VM_Operation (0x0000000101dfbf30): G1CollectForAllocation, mode: safepoint, requested by thread 0x0000016cf78045a0


---------------  P R O C E S S  ---------------

Threads class SMR info:
_java_thread_list=0x0000016cf7c76620, length=16, elements={
0x0000016c8b39aea0, 0x0000016cb1560080, 0x0000016cb1562b00, 0x0000016cb1565450,
0x0000016cb15683c0, 0x0000016cb1569040, 0x0000016cb1569cc0, 0x0000016cb156d930,
0x0000016cb1571b00, 0x0000016cb166b4b0, 0x0000016cb171d290, 0x0000016cf7477fc0,
0x0000016cf77f4950, 0x0000016cf78045a0, 0x0000016cf7c90240, 0x0000016cf7cceff0
}

Java Threads: ( => current thread )
  0x0000016c8b39aea0 JavaThread "main"                              [_thread_blocked, id=38220, stack(0x0000000100600000,0x0000000100700000) (1024K)]
  0x0000016cb1560080 JavaThread "Reference Handler"          daemon [_thread_blocked, id=18252, stack(0x0000000100e00000,0x0000000100f00000) (1024K)]
  0x0000016cb1562b00 JavaThread "Finalizer"                  daemon [_thread_blocked, id=31768, stack(0x0000000100f00000,0x0000000101000000) (1024K)]
  0x0000016cb1565450 JavaThread "Signal Dispatcher"          daemon [_thread_blocked, id=45676, stack(0x0000000101000000,0x0000000101100000) (1024K)]
  0x0000016cb15683c0 JavaThread "Attach Listener"            daemon [_thread_blocked, id=15964, stack(0x0000000101100000,0x0000000101200000) (1024K)]
  0x0000016cb1569040 JavaThread "Service Thread"             daemon [_thread_blocked, id=11912, stack(0x0000000101200000,0x0000000101300000) (1024K)]
  0x0000016cb1569cc0 JavaThread "Monitor Deflation Thread"   daemon [_thread_blocked, id=44900, stack(0x0000000101300000,0x0000000101400000) (1024K)]
  0x0000016cb156d930 JavaThread "C2 CompilerThread0"         daemon [_thread_blocked, id=31432, stack(0x0000000101400000,0x0000000101500000) (1024K)]
  0x0000016cb1571b00 JavaThread "C1 CompilerThread0"         daemon [_thread_blocked, id=42288, stack(0x0000000101500000,0x0000000101600000) (1024K)]
  0x0000016cb166b4b0 JavaThread "Common-Cleaner"             daemon [_thread_blocked, id=29900, stack(0x0000000101600000,0x0000000101700000) (1024K)]
  0x0000016cb171d290 JavaThread "Notification Thread"        daemon [_thread_blocked, id=21892, stack(0x0000000101900000,0x0000000101a00000) (1024K)]
  0x0000016cf7477fc0 JavaThread "QuantumRenderer-0"          daemon [_thread_blocked, id=44504, stack(0x0000000101a00000,0x0000000101b00000) (1024K)]
  0x0000016cf77f4950 JavaThread "InvokeLaterDispatcher"      daemon [_thread_blocked, id=22260, stack(0x0000000101c00000,0x0000000101d00000) (1024K)]
  0x0000016cf78045a0 JavaThread "JavaFX Application Thread"         [_thread_blocked, id=18996, stack(0x0000000101d00000,0x0000000101e00000) (1024K)]
  0x0000016cf7c90240 JavaThread "JavaFX-Launcher"                   [_thread_blocked, id=25104, stack(0x00000001020d0000,0x00000001021d0000) (1024K)]
  0x0000016cf7cceff0 JavaThread "Thread-2"                   daemon [_thread_blocked, id=10584, stack(0x0000000101fd0000,0x00000001020d0000) (1024K)]
Total: 16

Other Threads:
=>0x0000016cb0bc4b40 VMThread "VM Thread"                           [id=6260, stack(0x0000000100d00000,0x0000000100e00000) (1024K)]
  0x0000016cb0bab0f0 WatcherThread "VM Periodic Task Thread"        [id=33716, stack(0x0000000100c00000,0x0000000100d00000) (1024K)]
  0x0000016c8b443350 WorkerThread "GC Thread#0"                     [id=11192, stack(0x0000000100700000,0x0000000100800000) (1024K)]
  0x0000016cf7cb30c0 WorkerThread "GC Thread#1"                     [id=8932, stack(0x00000001021d0000,0x00000001022d0000) (1024K)]
  0x0000016cf7cb3470 WorkerThread "GC Thread#2"                     [id=17568, stack(0x00000001022d0000,0x00000001023d0000) (1024K)]
  0x0000016cf7cb3820 WorkerThread "GC Thread#3"                     [id=9432, stack(0x00000001023d0000,0x00000001024d0000) (1024K)]
  0x0000016cf7c75190 WorkerThread "GC Thread#4"                     [id=17472, stack(0x00000001024d0000,0x00000001025d0000) (1024K)]
  0x0000016cf7c75540 WorkerThread "GC Thread#5"                     [id=6304, stack(0x00000001025d0000,0x00000001026d0000) (1024K)]
  0x0000016cf7c758f0 WorkerThread "GC Thread#6"                     [id=39036, stack(0x00000001026d0000,0x00000001027d0000) (1024K)]
  0x0000016cf7c760a0 WorkerThread "GC Thread#7"                     [id=7616, stack(0x00000001027d0000,0x00000001028d0000) (1024K)]
  0x0000016cf7ced920 WorkerThread "GC Thread#8"                     [id=43572, stack(0x00000001028d0000,0x00000001029d0000) (1024K)]
  0x0000016cf7cedcd0 WorkerThread "GC Thread#9"                     [id=38928, stack(0x00000001029d0000,0x0000000102ad0000) (1024K)]
  0x0000016c8b454590 ConcurrentGCThread "G1 Main Marker"            [id=6100, stack(0x0000000100800000,0x0000000100900000) (1024K)]
  0x0000016c8b4550a0 WorkerThread "G1 Conc#0"                       [id=44656, stack(0x0000000100900000,0x0000000100a00000) (1024K)]
  0x0000016cb0a77b40 ConcurrentGCThread "G1 Refine#0"               [id=29104, stack(0x0000000100a00000,0x0000000100b00000) (1024K)]
  0x0000016cb0a786c0 ConcurrentGCThread "G1 Service"                [id=6112, stack(0x0000000100b00000,0x0000000100c00000) (1024K)]
Total: 16

Threads with active compile tasks:
Total: 0

VM state: at safepoint (normal execution)

VM Mutex/Monitor currently owned by a thread:  ([mutex/lock_event])
[0x00007ff859a1cb80] Threads_lock - owner thread: 0x0000016cb0bc4b40
[0x00007ff859a1cc80] Heap_lock - owner thread: 0x0000016cf78045a0

Heap address: 0x000000060e000000, size: 7968 MB, Compressed Oops mode: Zero based, Oop shift amount: 3

CDS archive(s) mapped at: [0x0000016cb2000000-0x0000016cb2c60000-0x0000016cb2c60000), size 12976128, SharedBaseAddress: 0x0000016cb2000000, ArchiveRelocationMode: 1.
Compressed class space mapped at: 0x0000016cb3000000-0x0000016cf3000000, reserved size: 1073741824
Narrow klass base: 0x0000016cb2000000, Narrow klass shift: 0, Narrow klass range: 0x41000000

GC Precious Log:
 CardTable entry size: 512
 Card Set container configuration: InlinePtr #cards 4 size 8 Array Of Cards #cards 32 size 80 Howl #buckets 8 coarsen threshold 7372 Howl Bitmap #cards 1024 size 144 coarsen threshold 921 Card regions per heap region 1 cards per card region 8192
 CPUs: 12 total, 12 available
 Memory: 31861M
 Large Page Support: Disabled
 NUMA Support: Disabled
 Compressed Oops: Enabled (Zero based)
 Heap Region Size: 4M
 Heap Min Capacity: 8M
 Heap Initial Capacity: 500M
 Heap Max Capacity: 7968M
 Pre-touch: Disabled
 Parallel Workers: 10
 Concurrent Workers: 3
 Concurrent Refinement Workers: 10
 Periodic GC: Disabled

Heap:
 garbage-first heap   total reserved 8159232K, committed 1261568K, used 614944K [0x000000060e000000, 0x0000000800000000)
  region size 4096K, 5 young (20480K), 5 survivors (20480K)
 Metaspace       used 4662K, committed 4864K, reserved 1114112K
  class space    used 551K, committed 640K, reserved 1048576K

Heap Regions: E=young(eden), S=young(survivor), O=old, HS=humongous(starts), HC=humongous(continues), CS=collection set, F=free, TAMS=top-at-mark-start, PB=parsable bottom
|   0|0x000000060e000000, 0x000000060e400000, 0x000000060e400000|100%|HS|  |TAMS 0x000000060e000000| PB 0x000000060e000000| Complete |  0
|   1|0x000000060e400000, 0x000000060e800000, 0x000000060e800000|100%|HC|  |TAMS 0x000000060e400000| PB 0x000000060e400000| Complete |  0
|   2|0x000000060e800000, 0x000000060ec00000, 0x000000060ec00000|100%|HS|  |TAMS 0x000000060e800000| PB 0x000000060e800000| Complete |  0
|   3|0x000000060ec00000, 0x000000060f000000, 0x000000060f000000|100%|HC|  |TAMS 0x000000060ec00000| PB 0x000000060ec00000| Complete |  0
|   4|0x000000060f000000, 0x000000060f400000, 0x000000060f400000|100%|HC|  |TAMS 0x000000060f000000| PB 0x000000060f000000| Complete |  0
|   5|0x000000060f400000, 0x000000060f800000, 0x000000060f800000|100%|HC|  |TAMS 0x000000060f400000| PB 0x000000060f400000| Complete |  0
|   6|0x000000060f800000, 0x000000060fc00000, 0x000000060fc00000|100%|HC|  |TAMS 0x000000060f800000| PB 0x000000060f800000| Complete |  0
|   7|0x000000060fc00000, 0x0000000610000000, 0x0000000610000000|100%|HC|  |TAMS 0x000000060fc00000| PB 0x000000060fc00000| Complete |  0
|   8|0x0000000610000000, 0x0000000610400000, 0x0000000610400000|100%|HC|  |TAMS 0x0000000610000000| PB 0x0000000610000000| Complete |  0
|   9|0x0000000610400000, 0x0000000610800000, 0x0000000610800000|100%|HC|  |TAMS 0x0000000610400000| PB 0x0000000610400000| Complete |  0
|  10|0x0000000610800000, 0x0000000610c00000, 0x0000000610c00000|100%|HC|  |TAMS 0x0000000610800000| PB 0x0000000610800000| Complete |  0
|  11|0x0000000610c00000, 0x0000000611000000, 0x0000000611000000|100%|HC|  |TAMS 0x0000000610c00000| PB 0x0000000610c00000| Complete |  0
|  12|0x0000000611000000, 0x0000000611400000, 0x0000000611400000|100%|HC|  |TAMS 0x0000000611000000| PB 0x0000000611000000| Complete |  0
|  13|0x0000000611400000, 0x0000000611800000, 0x0000000611800000|100%|HC|  |TAMS 0x0000000611400000| PB 0x0000000611400000| Complete |  0
|  14|0x0000000611800000, 0x0000000611c00000, 0x0000000611c00000|100%|HC|  |TAMS 0x0000000611800000| PB 0x0000000611800000| Complete |  0
|  15|0x0000000611c00000, 0x0000000612000000, 0x0000000612000000|100%|HC|  |TAMS 0x0000000611c00000| PB 0x0000000611c00000| Complete |  0
|  16|0x0000000612000000, 0x0000000612400000, 0x0000000612400000|100%|HC|  |TAMS 0x0000000612000000| PB 0x0000000612000000| Complete |  0
|  17|0x0000000612400000, 0x0000000612800000, 0x0000000612800000|100%|HC|  |TAMS 0x0000000612400000| PB 0x0000000612400000| Complete |  0
|  18|0x0000000612800000, 0x0000000612c00000, 0x0000000612c00000|100%|HC|  |TAMS 0x0000000612800000| PB 0x0000000612800000| Complete |  0
|  19|0x0000000612c00000, 0x0000000613000000, 0x0000000613000000|100%|HC|  |TAMS 0x0000000612c00000| PB 0x0000000612c00000| Complete |  0
|  20|0x0000000613000000, 0x0000000613400000, 0x0000000613400000|100%|HC|  |TAMS 0x0000000613000000| PB 0x0000000613000000| Complete |  0
|  21|0x0000000613400000, 0x0000000613800000, 0x0000000613800000|100%|HC|  |TAMS 0x0000000613400000| PB 0x0000000613400000| Complete |  0
|  22|0x0000000613800000, 0x0000000613c00000, 0x0000000613c00000|100%|HC|  |TAMS 0x0000000613800000| PB 0x0000000613800000| Complete |  0
|  23|0x0000000613c00000, 0x0000000614000000, 0x0000000614000000|100%| O|  |TAMS 0x0000000613c00000| PB 0x0000000613c00000| Untracked |  0
|  24|0x0000000614000000, 0x0000000614400000, 0x0000000614400000|100%| O|  |TAMS 0x0000000614000000| PB 0x0000000614000000| Untracked |  0
|  25|0x0000000614400000, 0x0000000614800000, 0x0000000614800000|100%| O|  |TAMS 0x0000000614400000| PB 0x0000000614400000| Untracked |  0
|  26|0x0000000614800000, 0x0000000614c00000, 0x0000000614c00000|100%| O|  |TAMS 0x0000000614800000| PB 0x0000000614800000| Untracked |  0
|  27|0x0000000614c00000, 0x0000000615000000, 0x0000000615000000|100%| O|  |TAMS 0x0000000614c00000| PB 0x0000000614c00000| Untracked |  0
|  28|0x0000000615000000, 0x0000000615400000, 0x0000000615400000|100%| O|  |TAMS 0x0000000615000000| PB 0x0000000615000000| Untracked |  0
|  29|0x0000000615400000, 0x0000000615800000, 0x0000000615800000|100%| O|  |TAMS 0x0000000615400000| PB 0x0000000615400000| Untracked |  0
|  30|0x0000000615800000, 0x0000000615c00000, 0x0000000615c00000|100%| O|  |TAMS 0x0000000615800000| PB 0x0000000615800000| Untracked |  0
|  31|0x0000000615c00000, 0x0000000616000000, 0x0000000616000000|100%| O|  |TAMS 0x0000000615c00000| PB 0x0000000615c00000| Untracked |  0
|  32|0x0000000616000000, 0x0000000616400000, 0x0000000616400000|100%| O|  |TAMS 0x0000000616000000| PB 0x0000000616000000| Untracked |  0
|  33|0x0000000616400000, 0x0000000616800000, 0x0000000616800000|100%| O|  |TAMS 0x0000000616400000| PB 0x0000000616400000| Untracked |  0
|  34|0x0000000616800000, 0x0000000616c00000, 0x0000000616c00000|100%| O|  |TAMS 0x0000000616800000| PB 0x0000000616800000| Untracked |  0
|  35|0x0000000616c00000, 0x0000000617000000, 0x0000000617000000|100%| O|  |TAMS 0x0000000616c00000| PB 0x0000000616c00000| Untracked |  0
|  36|0x0000000617000000, 0x0000000617400000, 0x0000000617400000|100%| O|  |TAMS 0x0000000617000000| PB 0x0000000617000000| Untracked |  0
|  37|0x0000000617400000, 0x0000000617800000, 0x0000000617800000|100%| O|  |TAMS 0x0000000617400000| PB 0x0000000617400000| Untracked |  0
|  38|0x0000000617800000, 0x0000000617c00000, 0x0000000617c00000|100%| O|  |TAMS 0x0000000617800000| PB 0x0000000617800000| Untracked |  0
|  39|0x0000000617c00000, 0x0000000618000000, 0x0000000618000000|100%| O|  |TAMS 0x0000000617c00000| PB 0x0000000617c00000| Untracked |  0
|  40|0x0000000618000000, 0x0000000618400000, 0x0000000618400000|100%| O|  |TAMS 0x0000000618000000| PB 0x0000000618000000| Untracked |  0
|  41|0x0000000618400000, 0x0000000618800000, 0x0000000618800000|100%| O|  |TAMS 0x0000000618400000| PB 0x0000000618400000| Untracked |  0
|  42|0x0000000618800000, 0x0000000618c00000, 0x0000000618c00000|100%| O|  |TAMS 0x0000000618800000| PB 0x0000000618800000| Untracked |  0
|  43|0x0000000618c00000, 0x0000000619000000, 0x0000000619000000|100%| O|  |TAMS 0x0000000618c00000| PB 0x0000000618c00000| Untracked |  0
|  44|0x0000000619000000, 0x0000000619400000, 0x0000000619400000|100%| O|  |TAMS 0x0000000619000000| PB 0x0000000619000000| Untracked |  0
|  45|0x0000000619400000, 0x0000000619800000, 0x0000000619800000|100%| O|  |TAMS 0x0000000619400000| PB 0x0000000619400000| Untracked |  0
|  46|0x0000000619800000, 0x0000000619c00000, 0x0000000619c00000|100%| O|  |TAMS 0x0000000619800000| PB 0x0000000619800000| Untracked |  0
|  47|0x0000000619c00000, 0x000000061a000000, 0x000000061a000000|100%| O|  |TAMS 0x0000000619c00000| PB 0x0000000619c00000| Untracked |  0
|  48|0x000000061a000000, 0x000000061a400000, 0x000000061a400000|100%| O|  |TAMS 0x000000061a000000| PB 0x000000061a000000| Untracked |  0
|  49|0x000000061a400000, 0x000000061a800000, 0x000000061a800000|100%| O|  |TAMS 0x000000061a400000| PB 0x000000061a400000| Untracked |  0
|  50|0x000000061a800000, 0x000000061ac00000, 0x000000061ac00000|100%| O|  |TAMS 0x000000061a800000| PB 0x000000061a800000| Untracked |  0
|  51|0x000000061ac00000, 0x000000061b000000, 0x000000061b000000|100%|HS|  |TAMS 0x000000061ac00000| PB 0x000000061ac00000| Complete |  0
|  52|0x000000061b000000, 0x000000061b400000, 0x000000061b400000|100%|HC|  |TAMS 0x000000061b000000| PB 0x000000061b000000| Complete |  0
|  53|0x000000061b400000, 0x000000061b800000, 0x000000061b800000|100%|HC|  |TAMS 0x000000061b400000| PB 0x000000061b400000| Complete |  0
|  54|0x000000061b800000, 0x000000061bc00000, 0x000000061bc00000|100%|HC|  |TAMS 0x000000061b800000| PB 0x000000061b800000| Complete |  0
|  55|0x000000061bc00000, 0x000000061c000000, 0x000000061c000000|100%| O|  |TAMS 0x000000061bc00000| PB 0x000000061bc00000| Untracked |  0
|  56|0x000000061c000000, 0x000000061c400000, 0x000000061c400000|100%| O|  |TAMS 0x000000061c000000| PB 0x000000061c000000| Untracked |  0
|  57|0x000000061c400000, 0x000000061c800000, 0x000000061c800000|100%| O|  |TAMS 0x000000061c400000| PB 0x000000061c400000| Untracked |  0
|  58|0x000000061c800000, 0x000000061cc00000, 0x000000061cc00000|100%| O|  |TAMS 0x000000061c800000| PB 0x000000061c800000| Untracked |  0
|  59|0x000000061cc00000, 0x000000061d000000, 0x000000061d000000|100%| O|  |TAMS 0x000000061cc00000| PB 0x000000061cc00000| Untracked |  0
|  60|0x000000061d000000, 0x000000061d400000, 0x000000061d400000|100%| O|  |TAMS 0x000000061d000000| PB 0x000000061d000000| Untracked |  0
|  61|0x000000061d400000, 0x000000061d800000, 0x000000061d800000|100%| O|  |TAMS 0x000000061d400000| PB 0x000000061d400000| Untracked |  0
|  62|0x000000061d800000, 0x000000061dc00000, 0x000000061dc00000|100%| O|  |TAMS 0x000000061d800000| PB 0x000000061d800000| Untracked |  0
|  63|0x000000061dc00000, 0x000000061e000000, 0x000000061e000000|100%| O|  |TAMS 0x000000061dc00000| PB 0x000000061dc00000| Untracked |  0
|  64|0x000000061e000000, 0x000000061e400000, 0x000000061e400000|100%| O|  |TAMS 0x000000061e000000| PB 0x000000061e000000| Untracked |  0
|  65|0x000000061e400000, 0x000000061e800000, 0x000000061e800000|100%| O|  |TAMS 0x000000061e400000| PB 0x000000061e400000| Untracked |  0
|  66|0x000000061e800000, 0x000000061ec00000, 0x000000061ec00000|100%|HS|  |TAMS 0x000000061e800000| PB 0x000000061e800000| Complete |  0
|  67|0x000000061ec00000, 0x000000061f000000, 0x000000061f000000|100%|HC|  |TAMS 0x000000061ec00000| PB 0x000000061ec00000| Complete |  0
|  68|0x000000061f000000, 0x000000061f400000, 0x000000061f400000|100%|HC|  |TAMS 0x000000061f000000| PB 0x000000061f000000| Complete |  0
|  69|0x000000061f400000, 0x000000061f800000, 0x000000061f800000|100%|HC|  |TAMS 0x000000061f400000| PB 0x000000061f400000| Complete |  0
|  70|0x000000061f800000, 0x000000061fc00000, 0x000000061fc00000|100%|HC|  |TAMS 0x000000061f800000| PB 0x000000061f800000| Complete |  0
|  71|0x000000061fc00000, 0x0000000620000000, 0x0000000620000000|100%|HS|  |TAMS 0x000000061fc00000| PB 0x000000061fc00000| Complete |  0
|  72|0x0000000620000000, 0x0000000620400000, 0x0000000620400000|100%|HC|  |TAMS 0x0000000620000000| PB 0x0000000620000000| Complete |  0
|  73|0x0000000620400000, 0x0000000620800000, 0x0000000620800000|100%|HS|  |TAMS 0x0000000620400000| PB 0x0000000620400000| Complete |  0
|  74|0x0000000620800000, 0x0000000620c00000, 0x0000000620c00000|100%|HC|  |TAMS 0x0000000620800000| PB 0x0000000620800000| Complete |  0
|  75|0x0000000620c00000, 0x0000000621000000, 0x0000000621000000|100%| O|  |TAMS 0x0000000620c00000| PB 0x0000000620c00000| Untracked |  0
|  76|0x0000000621000000, 0x0000000621400000, 0x0000000621400000|100%| O|  |TAMS 0x0000000621000000| PB 0x0000000621000000| Untracked |  0
|  77|0x0000000621400000, 0x0000000621800000, 0x0000000621800000|100%| O|  |TAMS 0x0000000621400000| PB 0x0000000621400000| Untracked |  0
|  78|0x0000000621800000, 0x0000000621c00000, 0x0000000621c00000|100%| O|  |TAMS 0x0000000621800000| PB 0x0000000621800000| Untracked |  0
|  79|0x0000000621c00000, 0x0000000622000000, 0x0000000622000000|100%| O|  |TAMS 0x0000000621c00000| PB 0x0000000621c00000| Untracked |  0
|  80|0x0000000622000000, 0x0000000622400000, 0x0000000622400000|100%| O|  |TAMS 0x0000000622000000| PB 0x0000000622000000| Untracked |  0
|  81|0x0000000622400000, 0x0000000622800000, 0x0000000622800000|100%| O|  |TAMS 0x0000000622400000| PB 0x0000000622400000| Untracked |  0
|  82|0x0000000622800000, 0x0000000622c00000, 0x0000000622c00000|100%| O|  |TAMS 0x0000000622800000| PB 0x0000000622800000| Untracked |  0
|  83|0x0000000622c00000, 0x0000000623000000, 0x0000000623000000|100%| O|  |TAMS 0x0000000622c00000| PB 0x0000000622c00000| Untracked |  0
|  84|0x0000000623000000, 0x0000000623400000, 0x0000000623400000|100%| O|  |TAMS 0x0000000623000000| PB 0x0000000623000000| Untracked |  0
|  85|0x0000000623400000, 0x0000000623800000, 0x0000000623800000|100%| O|  |TAMS 0x0000000623400000| PB 0x0000000623400000| Untracked |  0
|  86|0x0000000623800000, 0x0000000623c00000, 0x0000000623c00000|100%| O|  |TAMS 0x0000000623800000| PB 0x0000000623800000| Untracked |  0
|  87|0x0000000623c00000, 0x0000000624000000, 0x0000000624000000|100%| O|  |TAMS 0x0000000623c00000| PB 0x0000000623c00000| Untracked |  0
|  88|0x0000000624000000, 0x0000000624400000, 0x0000000624400000|100%| O|  |TAMS 0x0000000624000000| PB 0x0000000624000000| Untracked |  0
|  89|0x0000000624400000, 0x0000000624800000, 0x0000000624800000|100%| O|  |TAMS 0x0000000624400000| PB 0x0000000624400000| Untracked |  0
|  90|0x0000000624800000, 0x0000000624c00000, 0x0000000624c00000|100%| O|  |TAMS 0x0000000624800000| PB 0x0000000624800000| Untracked |  0
|  91|0x0000000624c00000, 0x0000000625000000, 0x0000000625000000|100%| O|  |TAMS 0x0000000624c00000| PB 0x0000000624c00000| Untracked |  0
|  92|0x0000000625000000, 0x0000000625400000, 0x0000000625400000|100%| O|  |TAMS 0x0000000625000000| PB 0x0000000625000000| Untracked |  0
|  93|0x0000000625400000, 0x0000000625800000, 0x0000000625800000|100%| O|  |TAMS 0x0000000625400000| PB 0x0000000625400000| Untracked |  0
|  94|0x0000000625800000, 0x0000000625c00000, 0x0000000625c00000|100%| O|  |TAMS 0x0000000625800000| PB 0x0000000625800000| Untracked |  0
|  95|0x0000000625c00000, 0x0000000626000000, 0x0000000626000000|100%| O|  |TAMS 0x0000000625c00000| PB 0x0000000625c00000| Untracked |  0
|  96|0x0000000626000000, 0x0000000626400000, 0x0000000626400000|100%| O|  |TAMS 0x0000000626000000| PB 0x0000000626000000| Untracked |  0
|  97|0x0000000626400000, 0x0000000626800000, 0x0000000626800000|100%| O|  |TAMS 0x0000000626400000| PB 0x0000000626400000| Untracked |  0
|  98|0x0000000626800000, 0x0000000626c00000, 0x0000000626c00000|100%| O|  |TAMS 0x0000000626800000| PB 0x0000000626800000| Untracked |  0
|  99|0x0000000626c00000, 0x0000000627000000, 0x0000000627000000|100%| O|  |TAMS 0x0000000626c00000| PB 0x0000000626c00000| Untracked |  0
| 100|0x0000000627000000, 0x0000000627400000, 0x0000000627400000|100%| O|  |TAMS 0x0000000627000000| PB 0x0000000627000000| Untracked |  0
| 101|0x0000000627400000, 0x0000000627800000, 0x0000000627800000|100%| O|  |TAMS 0x0000000627400000| PB 0x0000000627400000| Untracked |  0
| 102|0x0000000627800000, 0x0000000627c00000, 0x0000000627c00000|100%| O|  |TAMS 0x0000000627800000| PB 0x0000000627800000| Untracked |  0
| 103|0x0000000627c00000, 0x0000000628000000, 0x0000000628000000|100%| O|  |TAMS 0x0000000627c00000| PB 0x0000000627c00000| Untracked |  0
| 104|0x0000000628000000, 0x0000000628400000, 0x0000000628400000|100%| O|  |TAMS 0x0000000628000000| PB 0x0000000628000000| Untracked |  0
| 105|0x0000000628400000, 0x0000000628800000, 0x0000000628800000|100%| O|  |TAMS 0x0000000628400000| PB 0x0000000628400000| Untracked |  0
| 106|0x0000000628800000, 0x0000000628c00000, 0x0000000628c00000|100%| O|  |TAMS 0x0000000628800000| PB 0x0000000628800000| Untracked |  0
| 107|0x0000000628c00000, 0x0000000629000000, 0x0000000629000000|100%| O|  |TAMS 0x0000000628c00000| PB 0x0000000628c00000| Untracked |  0
| 108|0x0000000629000000, 0x0000000629400000, 0x0000000629400000|100%| O|  |TAMS 0x0000000629000000| PB 0x0000000629000000| Untracked |  0
| 109|0x0000000629400000, 0x0000000629800000, 0x0000000629800000|100%| O|  |TAMS 0x0000000629400000| PB 0x0000000629400000| Untracked |  0
| 110|0x0000000629800000, 0x0000000629c00000, 0x0000000629c00000|100%| O|  |TAMS 0x0000000629800000| PB 0x0000000629800000| Untracked |  0
| 111|0x0000000629c00000, 0x000000062a000000, 0x000000062a000000|100%| O|  |TAMS 0x0000000629c00000| PB 0x0000000629c00000| Untracked |  0
| 112|0x000000062a000000, 0x000000062a400000, 0x000000062a400000|100%| O|  |TAMS 0x000000062a000000| PB 0x000000062a000000| Untracked |  0
| 113|0x000000062a400000, 0x000000062a800000, 0x000000062a800000|100%| O|  |TAMS 0x000000062a400000| PB 0x000000062a400000| Untracked |  0
| 114|0x000000062a800000, 0x000000062ac00000, 0x000000062ac00000|100%| O|  |TAMS 0x000000062a800000| PB 0x000000062a800000| Untracked |  0
| 115|0x000000062ac00000, 0x000000062b000000, 0x000000062b000000|100%| O|  |TAMS 0x000000062ac00000| PB 0x000000062ac00000| Untracked |  0
| 116|0x000000062b000000, 0x000000062b400000, 0x000000062b400000|100%| O|  |TAMS 0x000000062b000000| PB 0x000000062b000000| Untracked |  0
| 117|0x000000062b400000, 0x000000062b800000, 0x000000062b800000|100%| O|  |TAMS 0x000000062b400000| PB 0x000000062b400000| Untracked |  0
| 118|0x000000062b800000, 0x000000062bc00000, 0x000000062bc00000|100%| O|  |TAMS 0x000000062b800000| PB 0x000000062b800000| Untracked |  0
| 119|0x000000062bc00000, 0x000000062c000000, 0x000000062c000000|100%| O|  |TAMS 0x000000062bc00000| PB 0x000000062bc00000| Untracked |  0
| 120|0x000000062c000000, 0x000000062c400000, 0x000000062c400000|100%| O|  |TAMS 0x000000062c000000| PB 0x000000062c000000| Untracked |  0
| 121|0x000000062c400000, 0x000000062c800000, 0x000000062c800000|100%| O|  |TAMS 0x000000062c400000| PB 0x000000062c400000| Untracked |  0
| 122|0x000000062c800000, 0x000000062cc00000, 0x000000062cc00000|100%| O|  |TAMS 0x000000062c800000| PB 0x000000062c800000| Untracked |  0
| 123|0x000000062cc00000, 0x000000062d000000, 0x000000062d000000|100%| O|  |TAMS 0x000000062cc00000| PB 0x000000062cc00000| Untracked |  0
| 124|0x000000062d000000, 0x000000062d400000, 0x000000062d400000|100%| O|  |TAMS 0x000000062d000000| PB 0x000000062d000000| Untracked |  0
| 125|0x000000062d400000, 0x000000062d800000, 0x000000062d800000|100%| O|  |TAMS 0x000000062d400000| PB 0x000000062d400000| Untracked |  0
| 126|0x000000062d800000, 0x000000062dc00000, 0x000000062dc00000|100%| O|  |TAMS 0x000000062d800000| PB 0x000000062d800000| Untracked |  0
| 127|0x000000062dc00000, 0x000000062e000000, 0x000000062e000000|100%| O|  |TAMS 0x000000062dc00000| PB 0x000000062dc00000| Untracked |  0
| 128|0x000000062e000000, 0x000000062e400000, 0x000000062e400000|100%| O|  |TAMS 0x000000062e000000| PB 0x000000062e000000| Untracked |  0
| 129|0x000000062e400000, 0x000000062e800000, 0x000000062e800000|100%| O|  |TAMS 0x000000062e400000| PB 0x000000062e400000| Untracked |  0
| 130|0x000000062e800000, 0x000000062ec00000, 0x000000062ec00000|100%| O|  |TAMS 0x000000062e800000| PB 0x000000062e800000| Untracked |  0
| 131|0x000000062ec00000, 0x000000062f000000, 0x000000062f000000|100%| O|  |TAMS 0x000000062ec00000| PB 0x000000062ec00000| Untracked |  0
| 132|0x000000062f000000, 0x000000062f400000, 0x000000062f400000|100%| O|  |TAMS 0x000000062f000000| PB 0x000000062f000000| Untracked |  0
| 133|0x000000062f400000, 0x000000062f800000, 0x000000062f800000|100%| O|  |TAMS 0x000000062f400000| PB 0x000000062f400000| Untracked |  0
| 134|0x000000062f800000, 0x000000062fc00000, 0x000000062fc00000|100%| O|  |TAMS 0x000000062f800000| PB 0x000000062f800000| Untracked |  0
| 135|0x000000062fc00000, 0x0000000630000000, 0x0000000630000000|100%| O|  |TAMS 0x000000062fc00000| PB 0x000000062fc00000| Untracked |  0
| 136|0x0000000630000000, 0x0000000630400000, 0x0000000630400000|100%| O|  |TAMS 0x0000000630000000| PB 0x0000000630000000| Untracked |  0
| 137|0x0000000630400000, 0x0000000630800000, 0x0000000630800000|100%| O|  |TAMS 0x0000000630400000| PB 0x0000000630400000| Untracked |  0
| 138|0x0000000630800000, 0x0000000630c00000, 0x0000000630c00000|100%| O|  |TAMS 0x0000000630800000| PB 0x0000000630800000| Untracked |  0
| 139|0x0000000630c00000, 0x0000000631000000, 0x0000000631000000|100%| O|  |TAMS 0x0000000630c00000| PB 0x0000000630c00000| Untracked |  0
| 140|0x0000000631000000, 0x0000000631400000, 0x0000000631400000|100%| O|  |TAMS 0x0000000631000000| PB 0x0000000631000000| Untracked |  0
| 141|0x0000000631400000, 0x0000000631800000, 0x0000000631800000|100%| O|  |TAMS 0x0000000631400000| PB 0x0000000631400000| Untracked |  0
| 142|0x0000000631800000, 0x0000000631c00000, 0x0000000631c00000|100%| O|  |TAMS 0x0000000631800000| PB 0x0000000631800000| Untracked |  0
| 143|0x0000000631c00000, 0x0000000632000000, 0x0000000632000000|100%| O|  |TAMS 0x0000000631c00000| PB 0x0000000631c00000| Untracked |  0
| 144|0x0000000632000000, 0x0000000632400000, 0x0000000632400000|100%| O|  |TAMS 0x0000000632000000| PB 0x0000000632000000| Untracked |  0
| 145|0x0000000632400000, 0x00000006324882d0, 0x0000000632800000| 13%| O|  |TAMS 0x0000000632400000| PB 0x0000000632400000| Untracked |  0
| 146|0x0000000632800000, 0x0000000632800000, 0x0000000632c00000|  0%| F|  |TAMS 0x0000000632800000| PB 0x0000000632800000| Untracked |  0
| 147|0x0000000632c00000, 0x0000000632c00000, 0x0000000633000000|  0%| F|  |TAMS 0x0000000632c00000| PB 0x0000000632c00000| Untracked |  0
| 148|0x0000000633000000, 0x0000000633000000, 0x0000000633400000|  0%| F|  |TAMS 0x0000000633000000| PB 0x0000000633000000| Untracked |  0
| 149|0x0000000633400000, 0x0000000633400000, 0x0000000633800000|  0%| F|  |TAMS 0x0000000633400000| PB 0x0000000633400000| Untracked |  0
| 150|0x0000000633800000, 0x0000000633800000, 0x0000000633c00000|  0%| F|  |TAMS 0x0000000633800000| PB 0x0000000633800000| Untracked |  0
| 151|0x0000000633c00000, 0x0000000633c00000, 0x0000000634000000|  0%| F|  |TAMS 0x0000000633c00000| PB 0x0000000633c00000| Untracked |  0
| 152|0x0000000634000000, 0x0000000634000000, 0x0000000634400000|  0%| F|  |TAMS 0x0000000634000000| PB 0x0000000634000000| Untracked |  0
| 153|0x0000000634400000, 0x0000000634400000, 0x0000000634800000|  0%| F|  |TAMS 0x0000000634400000| PB 0x0000000634400000| Untracked |  0
| 154|0x0000000634800000, 0x0000000634800000, 0x0000000634c00000|  0%| F|  |TAMS 0x0000000634800000| PB 0x0000000634800000| Untracked |  0
| 155|0x0000000634c00000, 0x0000000634c00000, 0x0000000635000000|  0%| F|  |TAMS 0x0000000634c00000| PB 0x0000000634c00000| Untracked |  0
| 156|0x0000000635000000, 0x0000000635000000, 0x0000000635400000|  0%| F|  |TAMS 0x0000000635000000| PB 0x0000000635000000| Untracked |  0
| 157|0x0000000635400000, 0x0000000635400000, 0x0000000635800000|  0%| F|  |TAMS 0x0000000635400000| PB 0x0000000635400000| Untracked |  0
| 158|0x0000000635800000, 0x0000000635800000, 0x0000000635c00000|  0%| F|  |TAMS 0x0000000635800000| PB 0x0000000635800000| Untracked |  0
| 159|0x0000000635c00000, 0x0000000635c00000, 0x0000000636000000|  0%| F|  |TAMS 0x0000000635c00000| PB 0x0000000635c00000| Untracked |  0
| 160|0x0000000636000000, 0x0000000636000000, 0x0000000636400000|  0%| F|  |TAMS 0x0000000636000000| PB 0x0000000636000000| Untracked |  0
| 161|0x0000000636400000, 0x0000000636400000, 0x0000000636800000|  0%| F|  |TAMS 0x0000000636400000| PB 0x0000000636400000| Untracked |  0
| 162|0x0000000636800000, 0x0000000636800000, 0x0000000636c00000|  0%| F|  |TAMS 0x0000000636800000| PB 0x0000000636800000| Untracked |  0
| 163|0x0000000636c00000, 0x0000000636c00000, 0x0000000637000000|  0%| F|  |TAMS 0x0000000636c00000| PB 0x0000000636c00000| Untracked |  0
| 164|0x0000000637000000, 0x0000000637000000, 0x0000000637400000|  0%| F|  |TAMS 0x0000000637000000| PB 0x0000000637000000| Untracked |  0
| 165|0x0000000637400000, 0x0000000637400000, 0x0000000637800000|  0%| F|  |TAMS 0x0000000637400000| PB 0x0000000637400000| Untracked |  0
| 166|0x0000000637800000, 0x0000000637800000, 0x0000000637c00000|  0%| F|  |TAMS 0x0000000637800000| PB 0x0000000637800000| Untracked |  0
| 167|0x0000000637c00000, 0x0000000637c00000, 0x0000000638000000|  0%| F|  |TAMS 0x0000000637c00000| PB 0x0000000637c00000| Untracked |  0
| 168|0x0000000638000000, 0x0000000638000000, 0x0000000638400000|  0%| F|  |TAMS 0x0000000638000000| PB 0x0000000638000000| Untracked |  0
| 169|0x0000000638400000, 0x0000000638400000, 0x0000000638800000|  0%| F|  |TAMS 0x0000000638400000| PB 0x0000000638400000| Untracked |  0
| 170|0x0000000638800000, 0x0000000638800000, 0x0000000638c00000|  0%| F|  |TAMS 0x0000000638800000| PB 0x0000000638800000| Untracked |  0
| 171|0x0000000638c00000, 0x0000000638c00000, 0x0000000639000000|  0%| F|  |TAMS 0x0000000638c00000| PB 0x0000000638c00000| Untracked |  0
| 172|0x0000000639000000, 0x0000000639000000, 0x0000000639400000|  0%| F|  |TAMS 0x0000000639000000| PB 0x0000000639000000| Untracked |  0
| 173|0x0000000639400000, 0x0000000639400000, 0x0000000639800000|  0%| F|  |TAMS 0x0000000639400000| PB 0x0000000639400000| Untracked |  0
| 174|0x0000000639800000, 0x0000000639800000, 0x0000000639c00000|  0%| F|  |TAMS 0x0000000639800000| PB 0x0000000639800000| Untracked |  0
| 175|0x0000000639c00000, 0x0000000639c00000, 0x000000063a000000|  0%| F|  |TAMS 0x0000000639c00000| PB 0x0000000639c00000| Untracked |  0
| 176|0x000000063a000000, 0x000000063a000000, 0x000000063a400000|  0%| F|  |TAMS 0x000000063a000000| PB 0x000000063a000000| Untracked |  0
| 177|0x000000063a400000, 0x000000063a400000, 0x000000063a800000|  0%| F|  |TAMS 0x000000063a400000| PB 0x000000063a400000| Untracked |  0
| 178|0x000000063a800000, 0x000000063a800000, 0x000000063ac00000|  0%| F|  |TAMS 0x000000063a800000| PB 0x000000063a800000| Untracked |  0
| 179|0x000000063ac00000, 0x000000063ac00000, 0x000000063b000000|  0%| F|  |TAMS 0x000000063ac00000| PB 0x000000063ac00000| Untracked |  0
| 180|0x000000063b000000, 0x000000063b000000, 0x000000063b400000|  0%| F|  |TAMS 0x000000063b000000| PB 0x000000063b000000| Untracked |  0
| 181|0x000000063b400000, 0x000000063b400000, 0x000000063b800000|  0%| F|  |TAMS 0x000000063b400000| PB 0x000000063b400000| Untracked |  0
| 182|0x000000063b800000, 0x000000063b800000, 0x000000063bc00000|  0%| F|  |TAMS 0x000000063b800000| PB 0x000000063b800000| Untracked |  0
| 183|0x000000063bc00000, 0x000000063bc00000, 0x000000063c000000|  0%| F|  |TAMS 0x000000063bc00000| PB 0x000000063bc00000| Untracked |  0
| 184|0x000000063c000000, 0x000000063c000000, 0x000000063c400000|  0%| F|  |TAMS 0x000000063c000000| PB 0x000000063c000000| Untracked |  0
| 185|0x000000063c400000, 0x000000063c400000, 0x000000063c800000|  0%| F|  |TAMS 0x000000063c400000| PB 0x000000063c400000| Untracked |  0
| 186|0x000000063c800000, 0x000000063c800000, 0x000000063cc00000|  0%| F|  |TAMS 0x000000063c800000| PB 0x000000063c800000| Untracked |  0
| 187|0x000000063cc00000, 0x000000063cc00000, 0x000000063d000000|  0%| F|  |TAMS 0x000000063cc00000| PB 0x000000063cc00000| Untracked |  0
| 188|0x000000063d000000, 0x000000063d000000, 0x000000063d400000|  0%| F|  |TAMS 0x000000063d000000| PB 0x000000063d000000| Untracked |  0
| 189|0x000000063d400000, 0x000000063d400000, 0x000000063d800000|  0%| F|  |TAMS 0x000000063d400000| PB 0x000000063d400000| Untracked |  0
| 190|0x000000063d800000, 0x000000063d800000, 0x000000063dc00000|  0%| F|  |TAMS 0x000000063d800000| PB 0x000000063d800000| Untracked |  0
| 191|0x000000063dc00000, 0x000000063dc00000, 0x000000063e000000|  0%| F|  |TAMS 0x000000063dc00000| PB 0x000000063dc00000| Untracked |  0
| 192|0x000000063e000000, 0x000000063e000000, 0x000000063e400000|  0%| F|  |TAMS 0x000000063e000000| PB 0x000000063e000000| Untracked |  0
| 193|0x000000063e400000, 0x000000063e400000, 0x000000063e800000|  0%| F|  |TAMS 0x000000063e400000| PB 0x000000063e400000| Untracked |  0
| 194|0x000000063e800000, 0x000000063e800000, 0x000000063ec00000|  0%| F|  |TAMS 0x000000063e800000| PB 0x000000063e800000| Untracked |  0
| 195|0x000000063ec00000, 0x000000063ec00000, 0x000000063f000000|  0%| F|  |TAMS 0x000000063ec00000| PB 0x000000063ec00000| Untracked |  0
| 196|0x000000063f000000, 0x000000063f000000, 0x000000063f400000|  0%| F|  |TAMS 0x000000063f000000| PB 0x000000063f000000| Untracked |  0
| 197|0x000000063f400000, 0x000000063f400000, 0x000000063f800000|  0%| F|  |TAMS 0x000000063f400000| PB 0x000000063f400000| Untracked |  0
| 198|0x000000063f800000, 0x000000063f800000, 0x000000063fc00000|  0%| F|  |TAMS 0x000000063f800000| PB 0x000000063f800000| Untracked |  0
| 199|0x000000063fc00000, 0x000000063fc00000, 0x0000000640000000|  0%| F|  |TAMS 0x000000063fc00000| PB 0x000000063fc00000| Untracked |  0
| 200|0x0000000640000000, 0x0000000640000000, 0x0000000640400000|  0%| F|  |TAMS 0x0000000640000000| PB 0x0000000640000000| Untracked |  0
| 201|0x0000000640400000, 0x0000000640400000, 0x0000000640800000|  0%| F|  |TAMS 0x0000000640400000| PB 0x0000000640400000| Untracked |  0
| 202|0x0000000640800000, 0x0000000640800000, 0x0000000640c00000|  0%| F|  |TAMS 0x0000000640800000| PB 0x0000000640800000| Untracked |  0
| 203|0x0000000640c00000, 0x0000000640c00000, 0x0000000641000000|  0%| F|  |TAMS 0x0000000640c00000| PB 0x0000000640c00000| Untracked |  0
| 204|0x0000000641000000, 0x0000000641000000, 0x0000000641400000|  0%| F|  |TAMS 0x0000000641000000| PB 0x0000000641000000| Untracked |  0
| 205|0x0000000641400000, 0x0000000641400000, 0x0000000641800000|  0%| F|  |TAMS 0x0000000641400000| PB 0x0000000641400000| Untracked |  0
| 206|0x0000000641800000, 0x0000000641800000, 0x0000000641c00000|  0%| F|  |TAMS 0x0000000641800000| PB 0x0000000641800000| Untracked |  0
| 207|0x0000000641c00000, 0x0000000641c00000, 0x0000000642000000|  0%| F|  |TAMS 0x0000000641c00000| PB 0x0000000641c00000| Untracked |  0
| 208|0x0000000642000000, 0x0000000642000000, 0x0000000642400000|  0%| F|  |TAMS 0x0000000642000000| PB 0x0000000642000000| Untracked |  0
| 209|0x0000000642400000, 0x0000000642400000, 0x0000000642800000|  0%| F|  |TAMS 0x0000000642400000| PB 0x0000000642400000| Untracked |  0
| 210|0x0000000642800000, 0x0000000642800000, 0x0000000642c00000|  0%| F|  |TAMS 0x0000000642800000| PB 0x0000000642800000| Untracked |  0
| 211|0x0000000642c00000, 0x0000000642c00000, 0x0000000643000000|  0%| F|  |TAMS 0x0000000642c00000| PB 0x0000000642c00000| Untracked |  0
| 212|0x0000000643000000, 0x0000000643000000, 0x0000000643400000|  0%| F|  |TAMS 0x0000000643000000| PB 0x0000000643000000| Untracked |  0
| 213|0x0000000643400000, 0x0000000643400000, 0x0000000643800000|  0%| F|  |TAMS 0x0000000643400000| PB 0x0000000643400000| Untracked |  0
| 214|0x0000000643800000, 0x0000000643800000, 0x0000000643c00000|  0%| F|  |TAMS 0x0000000643800000| PB 0x0000000643800000| Untracked |  0
| 215|0x0000000643c00000, 0x0000000643c00000, 0x0000000644000000|  0%| F|  |TAMS 0x0000000643c00000| PB 0x0000000643c00000| Untracked |  0
| 216|0x0000000644000000, 0x0000000644000000, 0x0000000644400000|  0%| F|  |TAMS 0x0000000644000000| PB 0x0000000644000000| Untracked |  0
| 217|0x0000000644400000, 0x0000000644400000, 0x0000000644800000|  0%| F|  |TAMS 0x0000000644400000| PB 0x0000000644400000| Untracked |  0
| 218|0x0000000644800000, 0x0000000644800000, 0x0000000644c00000|  0%| F|  |TAMS 0x0000000644800000| PB 0x0000000644800000| Untracked |  0
| 219|0x0000000644c00000, 0x0000000644c00000, 0x0000000645000000|  0%| F|  |TAMS 0x0000000644c00000| PB 0x0000000644c00000| Untracked |  0
| 220|0x0000000645000000, 0x0000000645000000, 0x0000000645400000|  0%| F|  |TAMS 0x0000000645000000| PB 0x0000000645000000| Untracked |  0
| 221|0x0000000645400000, 0x0000000645400000, 0x0000000645800000|  0%| F|  |TAMS 0x0000000645400000| PB 0x0000000645400000| Untracked |  0
| 222|0x0000000645800000, 0x0000000645800000, 0x0000000645c00000|  0%| F|  |TAMS 0x0000000645800000| PB 0x0000000645800000| Untracked |  0
| 223|0x0000000645c00000, 0x0000000645c00000, 0x0000000646000000|  0%| F|  |TAMS 0x0000000645c00000| PB 0x0000000645c00000| Untracked |  0
| 224|0x0000000646000000, 0x0000000646000000, 0x0000000646400000|  0%| F|  |TAMS 0x0000000646000000| PB 0x0000000646000000| Untracked |  0
| 225|0x0000000646400000, 0x0000000646400000, 0x0000000646800000|  0%| F|  |TAMS 0x0000000646400000| PB 0x0000000646400000| Untracked |  0
| 226|0x0000000646800000, 0x0000000646800000, 0x0000000646c00000|  0%| F|  |TAMS 0x0000000646800000| PB 0x0000000646800000| Untracked |  0
| 227|0x0000000646c00000, 0x0000000646c00000, 0x0000000647000000|  0%| F|  |TAMS 0x0000000646c00000| PB 0x0000000646c00000| Untracked |  0
| 228|0x0000000647000000, 0x0000000647000000, 0x0000000647400000|  0%| F|  |TAMS 0x0000000647000000| PB 0x0000000647000000| Untracked |  0
| 229|0x0000000647400000, 0x0000000647400000, 0x0000000647800000|  0%| F|  |TAMS 0x0000000647400000| PB 0x0000000647400000| Untracked |  0
| 230|0x0000000647800000, 0x0000000647800000, 0x0000000647c00000|  0%| F|  |TAMS 0x0000000647800000| PB 0x0000000647800000| Untracked |  0
| 231|0x0000000647c00000, 0x0000000647c00000, 0x0000000648000000|  0%| F|  |TAMS 0x0000000647c00000| PB 0x0000000647c00000| Untracked |  0
| 232|0x0000000648000000, 0x0000000648000000, 0x0000000648400000|  0%| F|  |TAMS 0x0000000648000000| PB 0x0000000648000000| Untracked |  0
| 233|0x0000000648400000, 0x0000000648400000, 0x0000000648800000|  0%| F|  |TAMS 0x0000000648400000| PB 0x0000000648400000| Untracked |  0
| 234|0x0000000648800000, 0x0000000648800000, 0x0000000648c00000|  0%| F|  |TAMS 0x0000000648800000| PB 0x0000000648800000| Untracked |  0
| 235|0x0000000648c00000, 0x0000000648c00000, 0x0000000649000000|  0%| F|  |TAMS 0x0000000648c00000| PB 0x0000000648c00000| Untracked |  0
| 236|0x0000000649000000, 0x0000000649000000, 0x0000000649400000|  0%| F|  |TAMS 0x0000000649000000| PB 0x0000000649000000| Untracked |  0
| 237|0x0000000649400000, 0x0000000649400000, 0x0000000649800000|  0%| F|  |TAMS 0x0000000649400000| PB 0x0000000649400000| Untracked |  0
| 238|0x0000000649800000, 0x0000000649800000, 0x0000000649c00000|  0%| F|  |TAMS 0x0000000649800000| PB 0x0000000649800000| Untracked |  0
| 239|0x0000000649c00000, 0x0000000649c00000, 0x000000064a000000|  0%| F|  |TAMS 0x0000000649c00000| PB 0x0000000649c00000| Untracked |  0
| 240|0x000000064a000000, 0x000000064a000000, 0x000000064a400000|  0%| F|  |TAMS 0x000000064a000000| PB 0x000000064a000000| Untracked |  0
| 241|0x000000064a400000, 0x000000064a400000, 0x000000064a800000|  0%| F|  |TAMS 0x000000064a400000| PB 0x000000064a400000| Untracked |  0
| 242|0x000000064a800000, 0x000000064a800000, 0x000000064ac00000|  0%| F|  |TAMS 0x000000064a800000| PB 0x000000064a800000| Untracked |  0
| 243|0x000000064ac00000, 0x000000064ac00000, 0x000000064b000000|  0%| F|  |TAMS 0x000000064ac00000| PB 0x000000064ac00000| Untracked |  0
| 244|0x000000064b000000, 0x000000064b000000, 0x000000064b400000|  0%| F|  |TAMS 0x000000064b000000| PB 0x000000064b000000| Untracked |  0
| 245|0x000000064b400000, 0x000000064b400000, 0x000000064b800000|  0%| F|  |TAMS 0x000000064b400000| PB 0x000000064b400000| Untracked |  0
| 246|0x000000064b800000, 0x000000064b800000, 0x000000064bc00000|  0%| F|  |TAMS 0x000000064b800000| PB 0x000000064b800000| Untracked |  0
| 247|0x000000064bc00000, 0x000000064bc00000, 0x000000064c000000|  0%| F|  |TAMS 0x000000064bc00000| PB 0x000000064bc00000| Untracked |  0
| 248|0x000000064c000000, 0x000000064c000000, 0x000000064c400000|  0%| F|  |TAMS 0x000000064c000000| PB 0x000000064c000000| Untracked |  0
| 249|0x000000064c400000, 0x000000064c400000, 0x000000064c800000|  0%| F|  |TAMS 0x000000064c400000| PB 0x000000064c400000| Untracked |  0
| 250|0x000000064c800000, 0x000000064c800000, 0x000000064cc00000|  0%| F|  |TAMS 0x000000064c800000| PB 0x000000064c800000| Untracked |  0
| 251|0x000000064cc00000, 0x000000064cc00000, 0x000000064d000000|  0%| F|  |TAMS 0x000000064cc00000| PB 0x000000064cc00000| Untracked |  0
| 252|0x000000064d000000, 0x000000064d000000, 0x000000064d400000|  0%| F|  |TAMS 0x000000064d000000| PB 0x000000064d000000| Untracked |  0
| 253|0x000000064d400000, 0x000000064d400000, 0x000000064d800000|  0%| F|  |TAMS 0x000000064d400000| PB 0x000000064d400000| Untracked |  0
| 254|0x000000064d800000, 0x000000064d800000, 0x000000064dc00000|  0%| F|  |TAMS 0x000000064d800000| PB 0x000000064d800000| Untracked |  0
| 255|0x000000064dc00000, 0x000000064dc00000, 0x000000064e000000|  0%| F|  |TAMS 0x000000064dc00000| PB 0x000000064dc00000| Untracked |  0
| 256|0x000000064e000000, 0x000000064e000000, 0x000000064e400000|  0%| F|  |TAMS 0x000000064e000000| PB 0x000000064e000000| Untracked |  0
| 257|0x000000064e400000, 0x000000064e400000, 0x000000064e800000|  0%| F|  |TAMS 0x000000064e400000| PB 0x000000064e400000| Untracked |  0
| 258|0x000000064e800000, 0x000000064e800000, 0x000000064ec00000|  0%| F|  |TAMS 0x000000064e800000| PB 0x000000064e800000| Untracked |  0
| 259|0x000000064ec00000, 0x000000064ec00000, 0x000000064f000000|  0%| F|  |TAMS 0x000000064ec00000| PB 0x000000064ec00000| Untracked |  0
| 260|0x000000064f000000, 0x000000064f000000, 0x000000064f400000|  0%| F|  |TAMS 0x000000064f000000| PB 0x000000064f000000| Untracked |  0
| 261|0x000000064f400000, 0x000000064f400000, 0x000000064f800000|  0%| F|  |TAMS 0x000000064f400000| PB 0x000000064f400000| Untracked |  0
| 262|0x000000064f800000, 0x000000064f800000, 0x000000064fc00000|  0%| F|  |TAMS 0x000000064f800000| PB 0x000000064f800000| Untracked |  0
| 263|0x000000064fc00000, 0x000000064fc00000, 0x0000000650000000|  0%| F|  |TAMS 0x000000064fc00000| PB 0x000000064fc00000| Untracked |  0
| 264|0x0000000650000000, 0x0000000650000000, 0x0000000650400000|  0%| F|  |TAMS 0x0000000650000000| PB 0x0000000650000000| Untracked |  0
| 265|0x0000000650400000, 0x0000000650400000, 0x0000000650800000|  0%| F|  |TAMS 0x0000000650400000| PB 0x0000000650400000| Untracked |  0
| 266|0x0000000650800000, 0x0000000650800000, 0x0000000650c00000|  0%| F|  |TAMS 0x0000000650800000| PB 0x0000000650800000| Untracked |  0
| 267|0x0000000650c00000, 0x0000000650c00000, 0x0000000651000000|  0%| F|  |TAMS 0x0000000650c00000| PB 0x0000000650c00000| Untracked |  0
| 268|0x0000000651000000, 0x0000000651000000, 0x0000000651400000|  0%| F|  |TAMS 0x0000000651000000| PB 0x0000000651000000| Untracked |  0
| 269|0x0000000651400000, 0x0000000651800000, 0x0000000651800000|100%| S|CS|TAMS 0x0000000651400000| PB 0x0000000651400000| Complete |  0
| 270|0x0000000651800000, 0x0000000651c00000, 0x0000000651c00000|100%| S|CS|TAMS 0x0000000651800000| PB 0x0000000651800000| Complete |  0
| 271|0x0000000651c00000, 0x0000000652000000, 0x0000000652000000|100%| S|CS|TAMS 0x0000000651c00000| PB 0x0000000651c00000| Complete |  0
| 272|0x0000000652000000, 0x0000000652400000, 0x0000000652400000|100%| S|CS|TAMS 0x0000000652000000| PB 0x0000000652000000| Complete |  0
| 273|0x0000000652400000, 0x0000000652800000, 0x0000000652800000|100%| S|CS|TAMS 0x0000000652400000| PB 0x0000000652400000| Complete |  0
| 274|0x0000000652800000, 0x0000000652800000, 0x0000000652c00000|  0%| F|  |TAMS 0x0000000652800000| PB 0x0000000652800000| Untracked |  0
| 275|0x0000000652c00000, 0x0000000652c00000, 0x0000000653000000|  0%| F|  |TAMS 0x0000000652c00000| PB 0x0000000652c00000| Untracked |  0
| 276|0x0000000653000000, 0x0000000653000000, 0x0000000653400000|  0%| F|  |TAMS 0x0000000653000000| PB 0x0000000653000000| Untracked |  0
| 277|0x0000000653400000, 0x0000000653400000, 0x0000000653800000|  0%| F|  |TAMS 0x0000000653400000| PB 0x0000000653400000| Untracked |  0
| 278|0x0000000653800000, 0x0000000653800000, 0x0000000653c00000|  0%| F|  |TAMS 0x0000000653800000| PB 0x0000000653800000| Untracked |  0
| 279|0x0000000653c00000, 0x0000000653c00000, 0x0000000654000000|  0%| F|  |TAMS 0x0000000653c00000| PB 0x0000000653c00000| Untracked |  0
| 280|0x0000000654000000, 0x0000000654000000, 0x0000000654400000|  0%| F|  |TAMS 0x0000000654000000| PB 0x0000000654000000| Untracked |  0
| 281|0x0000000654400000, 0x0000000654400000, 0x0000000654800000|  0%| F|  |TAMS 0x0000000654400000| PB 0x0000000654400000| Untracked |  0
| 282|0x0000000654800000, 0x0000000654800000, 0x0000000654c00000|  0%| F|  |TAMS 0x0000000654800000| PB 0x0000000654800000| Untracked |  0
| 283|0x0000000654c00000, 0x0000000654c00000, 0x0000000655000000|  0%| F|  |TAMS 0x0000000654c00000| PB 0x0000000654c00000| Untracked |  0
| 284|0x0000000655000000, 0x0000000655000000, 0x0000000655400000|  0%| F|  |TAMS 0x0000000655000000| PB 0x0000000655000000| Untracked |  0
| 285|0x0000000655400000, 0x0000000655400000, 0x0000000655800000|  0%| F|  |TAMS 0x0000000655400000| PB 0x0000000655400000| Untracked |  0
| 286|0x0000000655800000, 0x0000000655800000, 0x0000000655c00000|  0%| F|  |TAMS 0x0000000655800000| PB 0x0000000655800000| Untracked |  0
| 287|0x0000000655c00000, 0x0000000655c00000, 0x0000000656000000|  0%| F|  |TAMS 0x0000000655c00000| PB 0x0000000655c00000| Untracked |  0
| 288|0x0000000656000000, 0x0000000656000000, 0x0000000656400000|  0%| F|  |TAMS 0x0000000656000000| PB 0x0000000656000000| Untracked |  0
| 289|0x0000000656400000, 0x0000000656400000, 0x0000000656800000|  0%| F|  |TAMS 0x0000000656400000| PB 0x0000000656400000| Untracked |  0
| 290|0x0000000656800000, 0x0000000656800000, 0x0000000656c00000|  0%| F|  |TAMS 0x0000000656800000| PB 0x0000000656800000| Untracked |  0
| 291|0x0000000656c00000, 0x0000000656c00000, 0x0000000657000000|  0%| F|  |TAMS 0x0000000656c00000| PB 0x0000000656c00000| Untracked |  0
| 292|0x0000000657000000, 0x0000000657000000, 0x0000000657400000|  0%| F|  |TAMS 0x0000000657000000| PB 0x0000000657000000| Untracked |  0
| 293|0x0000000657400000, 0x0000000657400000, 0x0000000657800000|  0%| F|  |TAMS 0x0000000657400000| PB 0x0000000657400000| Untracked |  0
| 294|0x0000000657800000, 0x0000000657800000, 0x0000000657c00000|  0%| F|  |TAMS 0x0000000657800000| PB 0x0000000657800000| Untracked |  0
| 295|0x0000000657c00000, 0x0000000657c00000, 0x0000000658000000|  0%| F|  |TAMS 0x0000000657c00000| PB 0x0000000657c00000| Untracked |  0
| 296|0x0000000658000000, 0x0000000658000000, 0x0000000658400000|  0%| F|  |TAMS 0x0000000658000000| PB 0x0000000658000000| Untracked |  0
| 297|0x0000000658400000, 0x0000000658400000, 0x0000000658800000|  0%| F|  |TAMS 0x0000000658400000| PB 0x0000000658400000| Untracked |  0
| 298|0x0000000658800000, 0x0000000658800000, 0x0000000658c00000|  0%| F|  |TAMS 0x0000000658800000| PB 0x0000000658800000| Untracked |  0
| 299|0x0000000658c00000, 0x0000000658c00000, 0x0000000659000000|  0%| F|  |TAMS 0x0000000658c00000| PB 0x0000000658c00000| Untracked |  0
| 300|0x0000000659000000, 0x0000000659000000, 0x0000000659400000|  0%| F|  |TAMS 0x0000000659000000| PB 0x0000000659000000| Untracked |  0
| 301|0x0000000659400000, 0x0000000659400000, 0x0000000659800000|  0%| F|  |TAMS 0x0000000659400000| PB 0x0000000659400000| Untracked |  0
| 302|0x0000000659800000, 0x0000000659800000, 0x0000000659c00000|  0%| F|  |TAMS 0x0000000659800000| PB 0x0000000659800000| Untracked |  0
| 303|0x0000000659c00000, 0x0000000659c00000, 0x000000065a000000|  0%| F|  |TAMS 0x0000000659c00000| PB 0x0000000659c00000| Untracked |  0
| 304|0x000000065a000000, 0x000000065a000000, 0x000000065a400000|  0%| F|  |TAMS 0x000000065a000000| PB 0x000000065a000000| Untracked |  0
| 305|0x000000065a400000, 0x000000065a400000, 0x000000065a800000|  0%| F|  |TAMS 0x000000065a400000| PB 0x000000065a400000| Untracked |  0
| 306|0x000000065a800000, 0x000000065a800000, 0x000000065ac00000|  0%| F|  |TAMS 0x000000065a800000| PB 0x000000065a800000| Untracked |  0
| 307|0x000000065ac00000, 0x000000065ac00000, 0x000000065b000000|  0%| F|  |TAMS 0x000000065ac00000| PB 0x000000065ac00000| Untracked |  0

Card table byte_map: [0x0000016ca5b20000,0x0000016ca6ab0000] _byte_map_base: 0x0000016ca2ab0000

Marking Bits: (CMBitMap*) 0x0000016c8b443a60
 Bits: [0x0000016ca6ab0000, 0x0000016cae730000)

Polling page: 0x0000016c8b460000

Metaspace:

Usage:
  Non-class:      4.02 MB used.
      Class:    551.23 KB used.
       Both:      4.55 MB used.

Virtual space:
  Non-class space:       64.00 MB reserved,       4.12 MB (  6%) committed,  1 nodes.
      Class space:        1.00 GB reserved,     640.00 KB ( <1%) committed,  1 nodes.
             Both:        1.06 GB reserved,       4.75 MB ( <1%) committed. 

Chunk freelists:
   Non-Class:  9.47 MB
       Class:  15.30 MB
        Both:  24.77 MB

MaxMetaspaceSize: unlimited
CompressedClassSpaceSize: 1.00 GB
Initial GC threshold: 21.00 MB
Current GC threshold: 21.00 MB
CDS: on
 - commit_granule_bytes: 65536.
 - commit_granule_words: 8192.
 - virtual_space_node_default_size: 8388608.
 - enlarge_chunks_in_place: 1.
 - use_allocation_guard: 0.


Internal statistics:

num_allocs_failed_limit: 0.
num_arena_births: 110.
num_arena_deaths: 0.
num_vsnodes_births: 2.
num_vsnodes_deaths: 0.
num_space_committed: 76.
num_space_uncommitted: 0.
num_chunks_returned_to_freelist: 0.
num_chunks_taken_from_freelist: 251.
num_chunk_merges: 0.
num_chunk_splits: 170.
num_chunks_enlarged: 117.
num_inconsistent_stats: 0.

CodeHeap 'non-profiled nmethods': size=120000Kb used=596Kb max_used=596Kb free=119403Kb
 bounds [0x0000016c9c9e0000, 0x0000016c9cc50000, 0x0000016ca3f10000]
CodeHeap 'profiled nmethods': size=120000Kb used=1713Kb max_used=1713Kb free=118286Kb
 bounds [0x0000016c94f10000, 0x0000016c95180000, 0x0000016c9c440000]
CodeHeap 'non-nmethods': size=5760Kb used=1617Kb max_used=1648Kb free=4143Kb
 bounds [0x0000016c9c440000, 0x0000016c9c6b0000, 0x0000016c9c9e0000]
 total_blobs=1659 nmethods=1118 adapters=446
 compilation: enabled
              stopped_count=0, restarted_count=0
 full_count=0

Compilation events (20 events):
Event: 1.432 Thread 0x0000016cb156d930 1109       4       com.sun.javafx.iio.png.PNGImageLoader2::doAvrgFilter (87 bytes)
Event: 1.453 Thread 0x0000016cb156d930 nmethod 1109 0x0000016c9ca6df90 code [0x0000016c9ca6e160, 0x0000016c9ca6ed38]
Event: 1.453 Thread 0x0000016cb156d930 1111       4       java.io.SequenceInputStream::read (31 bytes)
Event: 1.458 Thread 0x0000016cb156d930 nmethod 1111 0x0000016c9ca6ee90 code [0x0000016c9ca6f0e0, 0x0000016c9ca6fbf0]
Event: 1.458 Thread 0x0000016cb156d930 1110       4       com.sun.javafx.iio.png.PNGImageLoader2::doFilter (71 bytes)
Event: 1.473 Thread 0x0000016cb156d930 nmethod 1110 0x0000016c9ca70210 code [0x0000016c9ca703c0, 0x0000016c9ca70ab0]
Event: 1.484 Thread 0x0000016cb156d930 1112       4       java.io.SequenceInputStream::read (68 bytes)
Event: 1.494 Thread 0x0000016cb156d930 nmethod 1112 0x0000016c9ca70c10 code [0x0000016c9ca70ee0, 0x0000016c9ca727d0]
Event: 1.506 Thread 0x0000016cb156d930 1113 %     4       com.sun.javafx.iio.gif.GIFImageLoader2::readPalete @ 24 (85 bytes)
Event: 1.509 Thread 0x0000016cb156d930 nmethod 1113% 0x0000016c9ca73410 code [0x0000016c9ca735c0, 0x0000016c9ca73a68]
Event: 1.511 Thread 0x0000016cb156d930 1114       4       com.sun.javafx.iio.gif.GIFImageLoader2::readPalete (85 bytes)
Event: 1.516 Thread 0x0000016cb156d930 nmethod 1114 0x0000016c9ca73c90 code [0x0000016c9ca73ea0, 0x0000016c9ca74c90]
Event: 1.563 Thread 0x0000016cb1571b00 1115       3       com.sun.javafx.iio.common.ImageLoaderImpl::updateImageMetadata (56 bytes)
Event: 1.563 Thread 0x0000016cb1571b00 nmethod 1115 0x0000016c950b8d90 code [0x0000016c950b8fc0, 0x0000016c950b9980]
Event: 1.563 Thread 0x0000016cb1571b00 1116       3       com.sun.javafx.tk.quantum.PrismImageLoader2$PrismLoadListener::imageLoadMetaData (1 bytes)
Event: 1.563 Thread 0x0000016cb1571b00 nmethod 1116 0x0000016c950b9c90 code [0x0000016c950b9e20, 0x0000016c950b9f28]
Event: 1.571 Thread 0x0000016cb1571b00 1117       3       com.sun.javafx.iio.gif.GIFImageLoader2::readControlCode (59 bytes)
Event: 1.571 Thread 0x0000016cb1571b00 nmethod 1117 0x0000016c950b9f90 code [0x0000016c950ba240, 0x0000016c950badf0]
Event: 1.571 Thread 0x0000016cb1571b00 1118       3       com.sun.javafx.iio.gif.GIFImageLoader2::updateMetadata (60 bytes)
Event: 1.572 Thread 0x0000016cb1571b00 nmethod 1118 0x0000016c950bb290 code [0x0000016c950bb520, 0x0000016c950bc260]

GC Heap History (19 events):
Event: 0.419 GC heap before
{Heap before GC invocations=0 (full 0):
 garbage-first heap   total reserved 8159232K, committed 512000K, used 20480K [0x000000060e000000, 0x0000000800000000)
  region size 4096K, 6 young (24576K), 0 survivors (0K)
 Metaspace       used 4203K, committed 4352K, reserved 1114112K
  class space    used 498K, committed 576K, reserved 1048576K
}
Event: 0.422 GC heap after
{Heap after GC invocations=1 (full 0):
 garbage-first heap   total reserved 8159232K, committed 512000K, used 2578K [0x000000060e000000, 0x0000000800000000)
  region size 4096K, 1 young (4096K), 1 survivors (4096K)
 Metaspace       used 4203K, committed 4352K, reserved 1114112K
  class space    used 498K, committed 576K, reserved 1048576K
}
Event: 0.741 GC heap before
{Heap before GC invocations=1 (full 0):
 garbage-first heap   total reserved 8159232K, committed 512000K, used 141842K [0x000000060e000000, 0x0000000800000000)
  region size 4096K, 13 young (53248K), 1 survivors (4096K)
 Metaspace       used 4629K, committed 4800K, reserved 1114112K
  class space    used 550K, committed 640K, reserved 1048576K
}
Event: 0.759 GC heap after
{Heap after GC invocations=2 (full 0):
 garbage-first heap   total reserved 8159232K, committed 512000K, used 132590K [0x000000060e000000, 0x0000000800000000)
  region size 4096K, 2 young (8192K), 2 survivors (8192K)
 Metaspace       used 4629K, committed 4800K, reserved 1114112K
  class space    used 550K, committed 640K, reserved 1048576K
}
Event: 0.795 GC heap before
{Heap before GC invocations=2 (full 0):
 garbage-first heap   total reserved 8159232K, committed 512000K, used 161262K [0x000000060e000000, 0x0000000800000000)
  region size 4096K, 10 young (40960K), 2 survivors (8192K)
 Metaspace       used 4630K, committed 4800K, reserved 1114112K
  class space    used 550K, committed 640K, reserved 1048576K
}
Event: 0.806 GC heap after
{Heap after GC invocations=3 (full 0):
 garbage-first heap   total reserved 8159232K, committed 512000K, used 157689K [0x000000060e000000, 0x0000000800000000)
  region size 4096K, 2 young (8192K), 2 survivors (8192K)
 Metaspace       used 4630K, committed 4800K, reserved 1114112K
  class space    used 550K, committed 640K, reserved 1048576K
}
Event: 0.842 GC heap before
{Heap before GC invocations=3 (full 0):
 garbage-first heap   total reserved 8159232K, committed 512000K, used 186361K [0x000000060e000000, 0x0000000800000000)
  region size 4096K, 10 young (40960K), 2 survivors (8192K)
 Metaspace       used 4630K, committed 4800K, reserved 1114112K
  class space    used 550K, committed 640K, reserved 1048576K
}
Event: 0.853 GC heap after
{Heap after GC invocations=4 (full 0):
 garbage-first heap   total reserved 8159232K, committed 512000K, used 181742K [0x000000060e000000, 0x0000000800000000)
  region size 4096K, 2 young (8192K), 2 survivors (8192K)
 Metaspace       used 4630K, committed 4800K, reserved 1114112K
  class space    used 550K, committed 640K, reserved 1048576K
}
Event: 0.900 GC heap before
{Heap before GC invocations=4 (full 0):
 garbage-first heap   total reserved 8159232K, committed 512000K, used 222702K [0x000000060e000000, 0x0000000800000000)
  region size 4096K, 13 young (53248K), 2 survivors (8192K)
 Metaspace       used 4630K, committed 4800K, reserved 1114112K
  class space    used 550K, committed 640K, reserved 1048576K
}
Event: 0.916 GC heap after
{Heap after GC invocations=5 (full 0):
 garbage-first heap   total reserved 8159232K, committed 512000K, used 215523K [0x000000060e000000, 0x0000000800000000)
  region size 4096K, 2 young (8192K), 2 survivors (8192K)
 Metaspace       used 4630K, committed 4800K, reserved 1114112K
  class space    used 550K, committed 640K, reserved 1048576K
}
Event: 1.319 GC heap before
{Heap before GC invocations=5 (full 0):
 garbage-first heap   total reserved 8159232K, committed 512000K, used 285155K [0x000000060e000000, 0x0000000800000000)
  region size 4096K, 17 young (69632K), 2 survivors (8192K)
 Metaspace       used 4657K, committed 4864K, reserved 1114112K
  class space    used 551K, committed 640K, reserved 1048576K
}
Event: 1.344 GC heap after
{Heap after GC invocations=6 (full 0):
 garbage-first heap   total reserved 8159232K, committed 1261568K, used 279034K [0x000000060e000000, 0x0000000800000000)
  region size 4096K, 3 young (12288K), 3 survivors (12288K)
 Metaspace       used 4657K, committed 4864K, reserved 1114112K
  class space    used 551K, committed 640K, reserved 1048576K
}
Event: 1.599 GC heap before
{Heap before GC invocations=6 (full 0):
 garbage-first heap   total reserved 8159232K, committed 1261568K, used 381434K [0x000000060e000000, 0x0000000800000000)
  region size 4096K, 20 young (81920K), 3 survivors (12288K)
 Metaspace       used 4662K, committed 4864K, reserved 1114112K
  class space    used 551K, committed 640K, reserved 1048576K
}
Event: 1.626 GC heap after
{Heap after GC invocations=7 (full 0):
 garbage-first heap   total reserved 8159232K, committed 1261568K, used 371910K [0x000000060e000000, 0x0000000800000000)
  region size 4096K, 3 young (12288K), 3 survivors (12288K)
 Metaspace       used 4662K, committed 4864K, reserved 1114112K
  class space    used 551K, committed 640K, reserved 1048576K
}
Event: 1.749 GC heap before
{Heap before GC invocations=7 (full 0):
 garbage-first heap   total reserved 8159232K, committed 1261568K, used 449734K [0x000000060e000000, 0x0000000800000000)
  region size 4096K, 23 young (94208K), 3 survivors (12288K)
 Metaspace       used 4662K, committed 4864K, reserved 1114112K
  class space    used 551K, committed 640K, reserved 1048576K
}
Event: 1.782 GC heap after
{Heap after GC invocations=8 (full 0):
 garbage-first heap   total reserved 8159232K, committed 1261568K, used 437446K [0x000000060e000000, 0x0000000800000000)
  region size 4096K, 3 young (12288K), 3 survivors (12288K)
 Metaspace       used 4662K, committed 4864K, reserved 1114112K
  class space    used 551K, committed 640K, reserved 1048576K
}
Event: 1.918 GC heap before
{Heap before GC invocations=8 (full 0):
 garbage-first heap   total reserved 8159232K, committed 1261568K, used 531654K [0x000000060e000000, 0x0000000800000000)
  region size 4096K, 27 young (110592K), 3 survivors (12288K)
 Metaspace       used 4662K, committed 4864K, reserved 1114112K
  class space    used 551K, committed 640K, reserved 1048576K
}
Event: 1.929 GC heap after
{Heap after GC invocations=9 (full 0):
 garbage-first heap   total reserved 8159232K, committed 1261568K, used 516640K [0x000000060e000000, 0x0000000800000000)
  region size 4096K, 4 young (16384K), 4 survivors (16384K)
 Metaspace       used 4662K, committed 4864K, reserved 1114112K
  class space    used 551K, committed 640K, reserved 1048576K
}
Event: 2.114 GC heap before
{Heap before GC invocations=9 (full 0):
 garbage-first heap   total reserved 8159232K, committed 1261568K, used 635424K [0x000000060e000000, 0x0000000800000000)
  region size 4096K, 34 young (139264K), 4 survivors (16384K)
 Metaspace       used 4662K, committed 4864K, reserved 1114112K
  class space    used 551K, committed 640K, reserved 1048576K
}

Dll operation events (20 events):
Event: 0.196 Loaded shared library C:\Users\GiaKhanhVN\.openjfx\cache\22.0.2+4\amd64\api-ms-win-crt-heap-l1-1-0.dll
Event: 0.197 Loaded shared library C:\Users\GiaKhanhVN\.openjfx\cache\22.0.2+4\amd64\api-ms-win-crt-locale-l1-1-0.dll
Event: 0.199 Loaded shared library C:\Users\GiaKhanhVN\.openjfx\cache\22.0.2+4\amd64\api-ms-win-crt-math-l1-1-0.dll
Event: 0.201 Loaded shared library C:\Users\GiaKhanhVN\.openjfx\cache\22.0.2+4\amd64\api-ms-win-crt-multibyte-l1-1-0.dll
Event: 0.203 Loaded shared library C:\Users\GiaKhanhVN\.openjfx\cache\22.0.2+4\amd64\api-ms-win-crt-private-l1-1-0.dll
Event: 0.204 Loaded shared library C:\Users\GiaKhanhVN\.openjfx\cache\22.0.2+4\amd64\api-ms-win-crt-process-l1-1-0.dll
Event: 0.206 Loaded shared library C:\Users\GiaKhanhVN\.openjfx\cache\22.0.2+4\amd64\api-ms-win-crt-runtime-l1-1-0.dll
Event: 0.208 Loaded shared library C:\Users\GiaKhanhVN\.openjfx\cache\22.0.2+4\amd64\api-ms-win-crt-stdio-l1-1-0.dll
Event: 0.209 Loaded shared library C:\Users\GiaKhanhVN\.openjfx\cache\22.0.2+4\amd64\api-ms-win-crt-string-l1-1-0.dll
Event: 0.211 Loaded shared library C:\Users\GiaKhanhVN\.openjfx\cache\22.0.2+4\amd64\api-ms-win-crt-time-l1-1-0.dll
Event: 0.213 Loaded shared library C:\Users\GiaKhanhVN\.openjfx\cache\22.0.2+4\amd64\api-ms-win-crt-utility-l1-1-0.dll
Event: 0.220 Loaded shared library C:\Users\GiaKhanhVN\.openjfx\cache\22.0.2+4\amd64\ucrtbase.dll
Event: 0.222 Loaded shared library C:\Users\GiaKhanhVN\.openjfx\cache\22.0.2+4\amd64\vcruntime140.dll
Event: 0.224 Loaded shared library C:\Users\GiaKhanhVN\.openjfx\cache\22.0.2+4\amd64\vcruntime140_1.dll
Event: 0.228 Loaded shared library C:\Users\GiaKhanhVN\.openjfx\cache\22.0.2+4\amd64\msvcp140.dll
Event: 0.230 Loaded shared library C:\Users\GiaKhanhVN\.openjfx\cache\22.0.2+4\amd64\msvcp140_1.dll
Event: 0.233 Loaded shared library C:\Users\GiaKhanhVN\.openjfx\cache\22.0.2+4\amd64\msvcp140_2.dll
Event: 0.251 Loaded shared library C:\Users\GiaKhanhVN\.openjfx\cache\22.0.2+4\amd64\prism_d3d.dll
Event: 0.313 Loaded shared library C:\Users\GiaKhanhVN\.openjfx\cache\22.0.2+4\amd64\glass.dll
Event: 0.484 Loaded shared library C:\Users\GiaKhanhVN\.openjfx\cache\22.0.2+4\amd64\javafx_iio.dll

Deoptimization events (20 events):
Event: 1.210 Thread 0x0000016cf78045a0 Uncommon trap: trap_request=0xffffffde fr.pc=0x0000016c9ca4be04 relative=0x00000000000005c4
Event: 1.210 Thread 0x0000016cf78045a0 Uncommon trap: reason=class_check action=maybe_recompile pc=0x0000016c9ca4be04 method=java.io.SequenceInputStream.read()I @ 11 c2
Event: 1.210 Thread 0x0000016cf78045a0 DEOPT PACKING pc=0x0000016c9ca4be04 sp=0x0000000101dfd420
Event: 1.210 Thread 0x0000016cf78045a0 DEOPT UNPACKING pc=0x0000016c9c497da2 sp=0x0000000101dfd3f0 mode 2
Event: 1.211 Thread 0x0000016cf78045a0 Uncommon trap: trap_request=0xffffff76 fr.pc=0x0000016c9ca44bbc relative=0x00000000000008bc
Event: 1.211 Thread 0x0000016cf78045a0 Uncommon trap: reason=predicate action=maybe_recompile pc=0x0000016c9ca44bbc method=com.sun.javafx.iio.gif.GIFImageLoader2.decodePalette([B[[BIIIIII)Ljava/nio/ByteBuffer; @ 32 c2
Event: 1.211 Thread 0x0000016cf78045a0 DEOPT PACKING pc=0x0000016c9ca44bbc sp=0x0000000101dfd480
Event: 1.211 Thread 0x0000016cf78045a0 DEOPT UNPACKING pc=0x0000016c9c497da2 sp=0x0000000101dfd400 mode 2
Event: 1.274 Thread 0x0000016cf78045a0 Uncommon trap: trap_request=0xffffff45 fr.pc=0x0000016c9ca4eb24 relative=0x00000000000007e4
Event: 1.274 Thread 0x0000016cf78045a0 Uncommon trap: reason=unstable_if action=reinterpret pc=0x0000016c9ca4eb24 method=java.io.SequenceInputStream.read([BII)I @ 49 c2
Event: 1.274 Thread 0x0000016cf78045a0 DEOPT PACKING pc=0x0000016c9ca4eb24 sp=0x0000000101dfd2b0
Event: 1.274 Thread 0x0000016cf78045a0 DEOPT UNPACKING pc=0x0000016c9c497da2 sp=0x0000000101dfd288 mode 2
Event: 1.380 Thread 0x0000016cf78045a0 Uncommon trap: trap_request=0xffffff45 fr.pc=0x0000016c9ca66d88 relative=0x0000000000000768
Event: 1.380 Thread 0x0000016cf78045a0 Uncommon trap: reason=unstable_if action=reinterpret pc=0x0000016c9ca66d88 method=java.util.zip.InflaterInputStream.read([BII)I @ 94 c2
Event: 1.380 Thread 0x0000016cf78045a0 DEOPT PACKING pc=0x0000016c9ca66d88 sp=0x0000000101dfd250
Event: 1.380 Thread 0x0000016cf78045a0 DEOPT UNPACKING pc=0x0000016c9c497da2 sp=0x0000000101dfd220 mode 2
Event: 1.443 Thread 0x0000016cf78045a0 Uncommon trap: trap_request=0xffffffde fr.pc=0x0000016c9ca4be04 relative=0x00000000000005c4
Event: 1.443 Thread 0x0000016cf78045a0 Uncommon trap: reason=class_check action=maybe_recompile pc=0x0000016c9ca4be04 method=java.io.SequenceInputStream.read()I @ 11 c2
Event: 1.443 Thread 0x0000016cf78045a0 DEOPT PACKING pc=0x0000016c9ca4be04 sp=0x0000000101dfd420
Event: 1.443 Thread 0x0000016cf78045a0 DEOPT UNPACKING pc=0x0000016c9c497da2 sp=0x0000000101dfd3f0 mode 2

Classes loaded (20 events):
Event: 0.405 Loading class java/net/Socket
Event: 0.405 Loading class java/net/Socket done
Event: 0.416 Loading class java/util/EventObject
Event: 0.416 Loading class java/util/EventObject done
Event: 0.424 Loading class java/io/EOFException
Event: 0.424 Loading class java/io/EOFException done
Event: 0.424 Loading class java/io/SequenceInputStream
Event: 0.424 Loading class java/io/SequenceInputStream done
Event: 0.425 Loading class sun/net/www/protocol/file/FileURLConnection
Event: 0.425 Loading class sun/net/www/URLConnection
Event: 0.425 Loading class java/net/URLConnection
Event: 0.426 Loading class java/net/URLConnection done
Event: 0.426 Loading class sun/net/www/URLConnection done
Event: 0.426 Loading class sun/net/www/protocol/file/FileURLConnection done
Event: 0.426 Loading class sun/net/www/MessageHeader
Event: 0.426 Loading class sun/net/www/MessageHeader done
Event: 0.458 Loading class java/nio/FloatBuffer
Event: 0.458 Loading class java/nio/FloatBuffer done
Event: 0.459 Loading class java/lang/NoSuchFieldError
Event: 0.459 Loading class java/lang/NoSuchFieldError done

Classes unloaded (0 events):
No events

Classes redefined (0 events):
No events

Internal exceptions (12 events):
Event: 0.097 Thread 0x0000016c8b39aea0 Exception <a 'java/lang/NoSuchMethodError'{0x000000062c84d468}: 'void java.lang.invoke.DirectMethodHandle$Holder.invokeStatic(java.lang.Object, java.lang.Object, java.lang.Object, java.lang.Object)'> (0x000000062c84d468) 
thrown [s\open\src\hotspot\share\interpreter\linkResolver.cpp, line 774]
Event: 0.097 Thread 0x0000016c8b39aea0 Exception <a 'java/lang/NoSuchMethodError'{0x000000062c851240}: 'void java.lang.invoke.DirectMethodHandle$Holder.invokeSpecial(java.lang.Object, java.lang.Object, java.lang.Object, java.lang.Object, java.lang.Object)'> (0x000000062c851240) 
thrown [s\open\src\hotspot\share\interpreter\linkResolver.cpp, line 774]
Event: 0.100 Thread 0x0000016c8b39aea0 Exception <a 'java/lang/NoSuchMethodError'{0x000000062c868ad8}: 'java.lang.Object java.lang.invoke.Invokers$Holder.invokeExact_MT(java.lang.Object, java.lang.Object, java.lang.Object, java.lang.Object, java.lang.Object, java.lang.Object)'> (0x000000062c868ad8) 
thrown [s\open\src\hotspot\share\interpreter\linkResolver.cpp, line 774]
Event: 0.100 Thread 0x0000016c8b39aea0 Exception <a 'java/lang/NoSuchMethodError'{0x000000062c86d740}: 'void java.lang.invoke.DirectMethodHandle$Holder.invokeStatic(java.lang.Object, java.lang.Object)'> (0x000000062c86d740) 
thrown [s\open\src\hotspot\share\interpreter\linkResolver.cpp, line 774]
Event: 0.241 Thread 0x0000016c8b39aea0 Exception <a 'java/lang/NoSuchMethodError'{0x000000062c707718}: 'void java.lang.invoke.DirectMethodHandle$Holder.invokeSpecial(java.lang.Object, java.lang.Object, java.lang.Object)'> (0x000000062c707718) 
thrown [s\open\src\hotspot\share\interpreter\linkResolver.cpp, line 774]
Event: 0.245 Thread 0x0000016c8b39aea0 Exception <a 'java/lang/NoSuchMethodError'{0x000000062c743e90}: 'void java.lang.invoke.DirectMethodHandle$Holder.invokeStatic(java.lang.Object, java.lang.Object, java.lang.Object)'> (0x000000062c743e90) 
thrown [s\open\src\hotspot\share\interpreter\linkResolver.cpp, line 774]
Event: 0.303 Thread 0x0000016c8b39aea0 Exception <a 'java/lang/NoSuchMethodError'{0x000000062c764c68}: 'int java.lang.invoke.DirectMethodHandle$Holder.invokeStaticInit(java.lang.Object, java.lang.Object, java.lang.Object)'> (0x000000062c764c68) 
thrown [s\open\src\hotspot\share\interpreter\linkResolver.cpp, line 774]
Event: 0.315 Thread 0x0000016c8b39aea0 Exception <a 'java/lang/NoSuchMethodError'{0x000000062c137148}: 'java.lang.Object java.lang.invoke.DirectMethodHandle$Holder.newInvokeSpecial(java.lang.Object, java.lang.Object, int, java.lang.Object)'> (0x000000062c137148) 
thrown [s\open\src\hotspot\share\interpreter\linkResolver.cpp, line 774]
Event: 0.315 Thread 0x0000016c8b39aea0 Exception <a 'java/lang/NoSuchMethodError'{0x000000062c13b380}: 'java.lang.Object java.lang.invoke.DirectMethodHandle$Holder.invokeSpecial(java.lang.Object, java.lang.Object, java.lang.Object, int, java.lang.Object)'> (0x000000062c13b380) 
thrown [s\open\src\hotspot\share\interpreter\linkResolver.cpp, line 774]
Event: 0.401 Thread 0x0000016cf78045a0 Exception <a 'java/lang/NoSuchMethodError'{0x000000062bcc13d0}: 'void java.lang.invoke.DirectMethodHandle$Holder.invokeStaticInit(java.lang.Object)'> (0x000000062bcc13d0) 
thrown [s\open\src\hotspot\share\interpreter\linkResolver.cpp, line 774]
Event: 0.402 Thread 0x0000016c8b39aea0 Exception <a 'java/lang/NoSuchMethodError'{0x000000062c14ea10}: 'java.lang.Object java.lang.invoke.DirectMethodHandle$Holder.newInvokeSpecial(java.lang.Object, java.lang.Object, java.lang.Object, java.lang.Object, java.lang.Object, java.lang.Object)'> (0x000000062c14ea10) 
thrown [s\open\src\hotspot\share\interpreter\linkResolver.cpp, line 774]
Event: 0.407 Thread 0x0000016c8b39aea0 Exception <a 'java/lang/NoSuchMethodError'{0x000000062bd8d060}: 'java.lang.Object java.lang.invoke.DirectMethodHandle$Holder.newInvokeSpecial(java.lang.Object, java.lang.Object, java.lang.Object, java.lang.Object, java.lang.Object)'> (0x000000062bd8d060) 
thrown [s\open\src\hotspot\share\interpreter\linkResolver.cpp, line 774]

ZGC Phase Switch (0 events):
No events

VM Operations (20 events):
Event: 0.308 Executing VM operation: HandshakeAllThreads (Deoptimize) done
Event: 0.419 Executing VM operation: G1CollectForAllocation (G1 Evacuation Pause)
Event: 0.422 Executing VM operation: G1CollectForAllocation (G1 Evacuation Pause) done
Event: 0.741 Executing VM operation: G1CollectForAllocation (G1 Evacuation Pause)
Event: 0.759 Executing VM operation: G1CollectForAllocation (G1 Evacuation Pause) done
Event: 0.795 Executing VM operation: G1CollectForAllocation (G1 Evacuation Pause)
Event: 0.806 Executing VM operation: G1CollectForAllocation (G1 Evacuation Pause) done
Event: 0.842 Executing VM operation: G1CollectForAllocation (G1 Evacuation Pause)
Event: 0.853 Executing VM operation: G1CollectForAllocation (G1 Evacuation Pause) done
Event: 0.900 Executing VM operation: G1CollectForAllocation (G1 Evacuation Pause)
Event: 0.916 Executing VM operation: G1CollectForAllocation (G1 Evacuation Pause) done
Event: 1.319 Executing VM operation: G1TryInitiateConcMark (G1 Humongous Allocation)
Event: 1.344 Executing VM operation: G1TryInitiateConcMark (G1 Humongous Allocation) done
Event: 1.599 Executing VM operation: G1CollectForAllocation (G1 Evacuation Pause)
Event: 1.626 Executing VM operation: G1CollectForAllocation (G1 Evacuation Pause) done
Event: 1.749 Executing VM operation: G1CollectForAllocation (G1 Evacuation Pause)
Event: 1.782 Executing VM operation: G1CollectForAllocation (G1 Evacuation Pause) done
Event: 1.918 Executing VM operation: G1CollectForAllocation (G1 Evacuation Pause)
Event: 1.929 Executing VM operation: G1CollectForAllocation (G1 Evacuation Pause) done
Event: 2.114 Executing VM operation: G1CollectForAllocation (G1 Evacuation Pause)

Memory protections (0 events):
No events

Nmethod flushes (0 events):
No events

Events (20 events):
Event: 0.033 Thread 0x0000016c8b39aea0 Thread added: 0x0000016cb1562b00
Event: 0.033 Thread 0x0000016c8b39aea0 Thread added: 0x0000016cb1565450
Event: 0.033 Thread 0x0000016c8b39aea0 Thread added: 0x0000016cb15683c0
Event: 0.033 Thread 0x0000016c8b39aea0 Thread added: 0x0000016cb1569040
Event: 0.033 Thread 0x0000016c8b39aea0 Thread added: 0x0000016cb1569cc0
Event: 0.033 Thread 0x0000016c8b39aea0 Thread added: 0x0000016cb156d930
Event: 0.033 Thread 0x0000016c8b39aea0 Thread added: 0x0000016cb1571b00
Event: 0.042 Thread 0x0000016c8b39aea0 Thread added: 0x0000016cb166b4b0
Event: 0.055 Thread 0x0000016cb1571b00 Thread added: 0x0000016cb171e850
Event: 0.065 Thread 0x0000016cb171e850 Thread added: 0x0000016cb170a630
Event: 0.089 Thread 0x0000016c8b39aea0 Thread added: 0x0000016cb171d290
Event: 0.246 Thread 0x0000016c8b39aea0 Thread added: 0x0000016cf7477fc0
Event: 0.314 Thread 0x0000016c8b39aea0 Thread added: 0x0000016cf77f4950
Event: 0.316 Thread 0x0000016c8b39aea0 Thread added: 0x0000016cf78045a0
Event: 0.407 Thread 0x0000016c8b39aea0 Thread added: 0x0000016cf7c90240
Event: 0.418 Thread 0x0000016cf7cceff0 Thread added: 0x0000016cf7cceff0
Event: 0.577 Thread 0x0000016cb170a630 Thread exited: 0x0000016cb170a630
Event: 0.644 Thread 0x0000016cb171e850 Thread exited: 0x0000016cb171e850
Event: 0.673 Thread 0x0000016cb156d930 Thread added: 0x0000016cf7d922d0
Event: 0.916 Thread 0x0000016cf7d922d0 Thread exited: 0x0000016cf7d922d0


Dynamic libraries:
0x00007ff7ffc30000 - 0x00007ff7ffc40000 	C:\Program Files\Java\jdk-22\bin\java.exe
0x00007ff8eb950000 - 0x00007ff8ebb67000 	C:\windows\SYSTEM32\ntdll.dll
0x00007ff8e9be0000 - 0x00007ff8e9ca4000 	C:\windows\System32\KERNEL32.DLL
0x00007ff8e8e20000 - 0x00007ff8e91d7000 	C:\windows\System32\KERNELBASE.dll
0x00007ff8e91e0000 - 0x00007ff8e92f1000 	C:\windows\System32\ucrtbase.dll
0x00007ff8df950000 - 0x00007ff8df967000 	C:\Program Files\Java\jdk-22\bin\jli.dll
0x00007ff8df8d0000 - 0x00007ff8df8eb000 	C:\Program Files\Java\jdk-22\bin\VCRUNTIME140.dll
0x00007ff8e98d0000 - 0x00007ff8e9a7f000 	C:\windows\System32\USER32.dll
0x00007ff8e9650000 - 0x00007ff8e9676000 	C:\windows\System32\win32u.dll
0x00007ff8d0090000 - 0x00007ff8d0323000 	C:\windows\WinSxS\amd64_microsoft.windows.common-controls_6595b64144ccf1df_6.0.22621.3672_none_2713b9d173822955\COMCTL32.dll
0x00007ff8e9f50000 - 0x00007ff8e9f79000 	C:\windows\System32\GDI32.dll
0x00007ff8e8c60000 - 0x00007ff8e8d78000 	C:\windows\System32\gdi32full.dll
0x00007ff8ea3d0000 - 0x00007ff8ea477000 	C:\windows\System32\msvcrt.dll
0x00007ff8e8d80000 - 0x00007ff8e8e1a000 	C:\windows\System32\msvcp_win.dll
0x00007ff8ea390000 - 0x00007ff8ea3c1000 	C:\windows\System32\IMM32.DLL
0x00007ff8e53b0000 - 0x00007ff8e53bc000 	C:\Program Files\Java\jdk-22\bin\vcruntime140_1.dll
0x00007ff8cfc20000 - 0x00007ff8cfcae000 	C:\Program Files\Java\jdk-22\bin\msvcp140.dll
0x00007ff858db0000 - 0x00007ff859af9000 	C:\Program Files\Java\jdk-22\bin\server\jvm.dll
0x00007ff8e9f80000 - 0x00007ff8ea032000 	C:\windows\System32\ADVAPI32.dll
0x00007ff8e9cb0000 - 0x00007ff8e9d58000 	C:\windows\System32\sechost.dll
0x00007ff8e9440000 - 0x00007ff8e9468000 	C:\windows\System32\bcrypt.dll
0x00007ff8ea480000 - 0x00007ff8ea594000 	C:\windows\System32\RPCRT4.dll
0x00007ff8e9d60000 - 0x00007ff8e9dd1000 	C:\windows\System32\WS2_32.dll
0x00007ff8e7ad0000 - 0x00007ff8e7b1d000 	C:\windows\SYSTEM32\POWRPROF.dll
0x00007ff8dba00000 - 0x00007ff8dba34000 	C:\windows\SYSTEM32\WINMM.dll
0x00007ff8e11d0000 - 0x00007ff8e11da000 	C:\windows\SYSTEM32\VERSION.dll
0x00007ff8e7ab0000 - 0x00007ff8e7ac3000 	C:\windows\SYSTEM32\UMPDC.dll
0x00007ff8e7d00000 - 0x00007ff8e7d18000 	C:\windows\SYSTEM32\kernel.appcore.dll
0x00007ff8df940000 - 0x00007ff8df94a000 	C:\Program Files\Java\jdk-22\bin\jimage.dll
0x00007ff8dfd70000 - 0x00007ff8dffa2000 	C:\windows\SYSTEM32\DBGHELP.DLL
0x00007ff8eae90000 - 0x00007ff8eb21e000 	C:\windows\System32\combase.dll
0x00007ff8e9b00000 - 0x00007ff8e9bd7000 	C:\windows\System32\OLEAUT32.dll
0x00007ff8d6ad0000 - 0x00007ff8d6b02000 	C:\windows\SYSTEM32\dbgcore.DLL
0x00007ff8e93c0000 - 0x00007ff8e943b000 	C:\windows\System32\bcryptPrimitives.dll
0x00007ff8da2d0000 - 0x00007ff8da2ee000 	C:\Program Files\Java\jdk-22\bin\java.dll
0x00007ff8ea620000 - 0x00007ff8eae89000 	C:\windows\System32\SHELL32.dll
0x00007ff8ea040000 - 0x00007ff8ea1e5000 	C:\windows\System32\ole32.dll
0x00007ff8e6b90000 - 0x00007ff8e748f000 	C:\windows\SYSTEM32\windows.storage.dll
0x00007ff8e6a50000 - 0x00007ff8e6b8f000 	C:\windows\SYSTEM32\wintypes.dll
0x00007ff8e9de0000 - 0x00007ff8e9ed9000 	C:\windows\System32\SHCORE.dll
0x00007ff8e9a80000 - 0x00007ff8e9ade000 	C:\windows\System32\shlwapi.dll
0x00007ff8e8b90000 - 0x00007ff8e8bb7000 	C:\windows\SYSTEM32\profapi.dll
0x00007ff8b4630000 - 0x00007ff8b4707000 	C:\Program Files\Java\jdk-22\bin\jsvml.dll
0x00007ff8df890000 - 0x00007ff8df8a0000 	C:\Program Files\Java\jdk-22\bin\net.dll
0x00007ff8e81c0000 - 0x00007ff8e8229000 	C:\windows\system32\mswsock.dll
0x00007ff8d8310000 - 0x00007ff8d8326000 	C:\Program Files\Java\jdk-22\bin\nio.dll
0x00007ff8d2650000 - 0x00007ff8d2667000 	C:\Program Files\Java\jdk-22\bin\zip.dll
0x0000016c8b4a0000 - 0x0000016c8b4a3000 	C:\Users\GiaKhanhVN\.openjfx\cache\22.0.2+4\amd64\api-ms-win-core-console-l1-1-0.dll
0x0000016c8b4b0000 - 0x0000016c8b4b3000 	C:\Users\GiaKhanhVN\.openjfx\cache\22.0.2+4\amd64\api-ms-win-core-console-l1-2-0.dll
0x0000016c8b4c0000 - 0x0000016c8b4c3000 	C:\Users\GiaKhanhVN\.openjfx\cache\22.0.2+4\amd64\api-ms-win-core-datetime-l1-1-0.dll
0x0000016cb1960000 - 0x0000016cb1963000 	C:\Users\GiaKhanhVN\.openjfx\cache\22.0.2+4\amd64\api-ms-win-core-debug-l1-1-0.dll
0x0000016cb1970000 - 0x0000016cb1973000 	C:\Users\GiaKhanhVN\.openjfx\cache\22.0.2+4\amd64\api-ms-win-core-errorhandling-l1-1-0.dll
0x0000016cb1980000 - 0x0000016cb1984000 	C:\Users\GiaKhanhVN\.openjfx\cache\22.0.2+4\amd64\api-ms-win-core-file-l1-1-0.dll
0x0000016cb1990000 - 0x0000016cb1993000 	C:\Users\GiaKhanhVN\.openjfx\cache\22.0.2+4\amd64\api-ms-win-core-file-l1-2-0.dll
0x0000016cb19a0000 - 0x0000016cb19a3000 	C:\Users\GiaKhanhVN\.openjfx\cache\22.0.2+4\amd64\api-ms-win-core-file-l2-1-0.dll
0x0000016cb19b0000 - 0x0000016cb19b3000 	C:\Users\GiaKhanhVN\.openjfx\cache\22.0.2+4\amd64\api-ms-win-core-handle-l1-1-0.dll
0x0000016cb19c0000 - 0x0000016cb19c3000 	C:\Users\GiaKhanhVN\.openjfx\cache\22.0.2+4\amd64\api-ms-win-core-heap-l1-1-0.dll
0x0000016cb19d0000 - 0x0000016cb19d3000 	C:\Users\GiaKhanhVN\.openjfx\cache\22.0.2+4\amd64\api-ms-win-core-interlocked-l1-1-0.dll
0x0000016cb19e0000 - 0x0000016cb19e3000 	C:\Users\GiaKhanhVN\.openjfx\cache\22.0.2+4\amd64\api-ms-win-core-libraryloader-l1-1-0.dll
0x0000016cb19f0000 - 0x0000016cb19f3000 	C:\Users\GiaKhanhVN\.openjfx\cache\22.0.2+4\amd64\api-ms-win-core-localization-l1-2-0.dll
0x0000016cb1a00000 - 0x0000016cb1a03000 	C:\Users\GiaKhanhVN\.openjfx\cache\22.0.2+4\amd64\api-ms-win-core-memory-l1-1-0.dll
0x0000016cb1a10000 - 0x0000016cb1a13000 	C:\Users\GiaKhanhVN\.openjfx\cache\22.0.2+4\amd64\api-ms-win-core-namedpipe-l1-1-0.dll
0x0000016cb1a20000 - 0x0000016cb1a23000 	C:\Users\GiaKhanhVN\.openjfx\cache\22.0.2+4\amd64\api-ms-win-core-processenvironment-l1-1-0.dll
0x0000016cb1a30000 - 0x0000016cb1a33000 	C:\Users\GiaKhanhVN\.openjfx\cache\22.0.2+4\amd64\api-ms-win-core-processthreads-l1-1-0.dll
0x0000016cb1a40000 - 0x0000016cb1a43000 	C:\Users\GiaKhanhVN\.openjfx\cache\22.0.2+4\amd64\api-ms-win-core-processthreads-l1-1-1.dll
0x0000016cb1a50000 - 0x0000016cb1a53000 	C:\Users\GiaKhanhVN\.openjfx\cache\22.0.2+4\amd64\api-ms-win-core-profile-l1-1-0.dll
0x0000016cb1a60000 - 0x0000016cb1a63000 	C:\Users\GiaKhanhVN\.openjfx\cache\22.0.2+4\amd64\api-ms-win-core-rtlsupport-l1-1-0.dll
0x0000016cb1a70000 - 0x0000016cb1a73000 	C:\Users\GiaKhanhVN\.openjfx\cache\22.0.2+4\amd64\api-ms-win-core-string-l1-1-0.dll
0x0000016cb1a80000 - 0x0000016cb1a83000 	C:\Users\GiaKhanhVN\.openjfx\cache\22.0.2+4\amd64\api-ms-win-core-synch-l1-1-0.dll
0x0000016cb1a90000 - 0x0000016cb1a93000 	C:\Users\GiaKhanhVN\.openjfx\cache\22.0.2+4\amd64\api-ms-win-core-synch-l1-2-0.dll
0x0000016cb1aa0000 - 0x0000016cb1aa3000 	C:\Users\GiaKhanhVN\.openjfx\cache\22.0.2+4\amd64\api-ms-win-core-sysinfo-l1-1-0.dll
0x0000016cb1ab0000 - 0x0000016cb1ab3000 	C:\Users\GiaKhanhVN\.openjfx\cache\22.0.2+4\amd64\api-ms-win-core-timezone-l1-1-0.dll
0x0000016cb1ac0000 - 0x0000016cb1ac3000 	C:\Users\GiaKhanhVN\.openjfx\cache\22.0.2+4\amd64\api-ms-win-core-util-l1-1-0.dll
0x0000016cb1ad0000 - 0x0000016cb1ad3000 	C:\Users\GiaKhanhVN\.openjfx\cache\22.0.2+4\amd64\api-ms-win-crt-conio-l1-1-0.dll
0x0000016cb1ae0000 - 0x0000016cb1ae4000 	C:\Users\GiaKhanhVN\.openjfx\cache\22.0.2+4\amd64\api-ms-win-crt-convert-l1-1-0.dll
0x0000016cb1af0000 - 0x0000016cb1af3000 	C:\Users\GiaKhanhVN\.openjfx\cache\22.0.2+4\amd64\api-ms-win-crt-environment-l1-1-0.dll
0x0000016cb1b00000 - 0x0000016cb1b03000 	C:\Users\GiaKhanhVN\.openjfx\cache\22.0.2+4\amd64\api-ms-win-crt-filesystem-l1-1-0.dll
0x0000016cb1b10000 - 0x0000016cb1b13000 	C:\Users\GiaKhanhVN\.openjfx\cache\22.0.2+4\amd64\api-ms-win-crt-heap-l1-1-0.dll
0x0000016cb1b20000 - 0x0000016cb1b23000 	C:\Users\GiaKhanhVN\.openjfx\cache\22.0.2+4\amd64\api-ms-win-crt-locale-l1-1-0.dll
0x0000016cb1b30000 - 0x0000016cb1b35000 	C:\Users\GiaKhanhVN\.openjfx\cache\22.0.2+4\amd64\api-ms-win-crt-math-l1-1-0.dll
0x0000016cb1b40000 - 0x0000016cb1b45000 	C:\Users\GiaKhanhVN\.openjfx\cache\22.0.2+4\amd64\api-ms-win-crt-multibyte-l1-1-0.dll
0x0000016cb1b50000 - 0x0000016cb1b60000 	C:\Users\GiaKhanhVN\.openjfx\cache\22.0.2+4\amd64\api-ms-win-crt-private-l1-1-0.dll
0x0000016cb1b60000 - 0x0000016cb1b63000 	C:\Users\GiaKhanhVN\.openjfx\cache\22.0.2+4\amd64\api-ms-win-crt-process-l1-1-0.dll
0x0000016cb1b70000 - 0x0000016cb1b74000 	C:\Users\GiaKhanhVN\.openjfx\cache\22.0.2+4\amd64\api-ms-win-crt-runtime-l1-1-0.dll
0x0000016cb1b80000 - 0x0000016cb1b84000 	C:\Users\GiaKhanhVN\.openjfx\cache\22.0.2+4\amd64\api-ms-win-crt-stdio-l1-1-0.dll
0x0000016cb1b90000 - 0x0000016cb1b94000 	C:\Users\GiaKhanhVN\.openjfx\cache\22.0.2+4\amd64\api-ms-win-crt-string-l1-1-0.dll
0x0000016cb1ba0000 - 0x0000016cb1ba3000 	C:\Users\GiaKhanhVN\.openjfx\cache\22.0.2+4\amd64\api-ms-win-crt-time-l1-1-0.dll
0x0000016cb1bb0000 - 0x0000016cb1bb3000 	C:\Users\GiaKhanhVN\.openjfx\cache\22.0.2+4\amd64\api-ms-win-crt-utility-l1-1-0.dll
0x00007ff8a6780000 - 0x00007ff8a687c000 	C:\Users\GiaKhanhVN\.openjfx\cache\22.0.2+4\amd64\ucrtbase.dll
0x00007ff8d1960000 - 0x00007ff8d197b000 	C:\Users\GiaKhanhVN\.openjfx\cache\22.0.2+4\amd64\vcruntime140.dll
0x00007ff8d1950000 - 0x00007ff8d195c000 	C:\Users\GiaKhanhVN\.openjfx\cache\22.0.2+4\amd64\vcruntime140_1.dll
0x00007ff8cfb90000 - 0x00007ff8cfc1e000 	C:\Users\GiaKhanhVN\.openjfx\cache\22.0.2+4\amd64\msvcp140.dll
0x00007ff8d1940000 - 0x00007ff8d1949000 	C:\Users\GiaKhanhVN\.openjfx\cache\22.0.2+4\amd64\msvcp140_1.dll
0x00007ff8c9110000 - 0x00007ff8c9151000 	C:\Users\GiaKhanhVN\.openjfx\cache\22.0.2+4\amd64\msvcp140_2.dll
0x00007ff8c93a0000 - 0x00007ff8c93d0000 	C:\Users\GiaKhanhVN\.openjfx\cache\22.0.2+4\amd64\prism_d3d.dll
0x00007ff8d1b90000 - 0x00007ff8d1d38000 	C:\windows\system32\d3d9.dll
0x00007ff8e64c0000 - 0x00007ff8e64eb000 	C:\windows\SYSTEM32\dwmapi.dll
0x00007ff8e6270000 - 0x00007ff8e62a7000 	C:\windows\SYSTEM32\dxcore.dll
0x00007ff8e6120000 - 0x00007ff8e61d1000 	C:\windows\system32\uxtheme.dll
0x00007ff8dc700000 - 0x00007ff8dc7c4000 	C:\windows\System32\DriverStore\FileRepository\nv_dispi.inf_amd64_7621da800da0efae\nvldumdx.dll
0x00007ff8e8900000 - 0x00007ff8e8912000 	C:\windows\SYSTEM32\msasn1.dll
0x00007ff8e1190000 - 0x00007ff8e11c2000 	C:\windows\SYSTEM32\cryptnet.dll
0x00007ff8e9470000 - 0x00007ff8e95d6000 	C:\windows\System32\CRYPT32.dll
0x00007ff8e84f0000 - 0x00007ff8e84fc000 	C:\windows\SYSTEM32\cryptbase.dll
0x00007ff8e8440000 - 0x00007ff8e8489000 	C:\windows\SYSTEM32\wldp.dll
0x00007ff8e0560000 - 0x00007ff8e06c2000 	C:\windows\SYSTEM32\drvstore.dll
0x00007ff8e8920000 - 0x00007ff8e894c000 	C:\windows\SYSTEM32\devobj.dll
0x00007ff8e8950000 - 0x00007ff8e899e000 	C:\windows\SYSTEM32\cfgmgr32.dll
0x00007ff8e95e0000 - 0x00007ff8e964c000 	C:\windows\System32\wintrust.dll
0x00007ff8ea5a0000 - 0x00007ff8ea5bf000 	C:\windows\System32\imagehlp.dll
0x00007ff8e8510000 - 0x00007ff8e852b000 	C:\windows\SYSTEM32\CRYPTSP.dll
0x00007ff8e7cc0000 - 0x00007ff8e7cf5000 	C:\windows\system32\rsaenh.dll
0x00007ff8cb9d0000 - 0x00007ff8cf763000 	C:\windows\System32\DriverStore\FileRepository\nv_dispi.inf_amd64_7621da800da0efae\nvgpucomp64.dll
0x00007ff8db080000 - 0x00007ff8db15e000 	C:\windows\System32\DriverStore\FileRepository\nv_dispi.inf_amd64_7621da800da0efae\NvMemMapStoragex.dll
0x00007ff8817a0000 - 0x00007ff8842a5000 	C:\windows\System32\DriverStore\FileRepository\nv_dispi.inf_amd64_7621da800da0efae\nvd3dumx.dll
0x00007ff8e16a0000 - 0x00007ff8e16e9000 	C:\windows\SYSTEM32\directxdatabasehelper.dll
0x00007ff8c7f50000 - 0x00007ff8c7f95000 	C:\Users\GiaKhanhVN\.openjfx\cache\22.0.2+4\amd64\glass.dll
0x00007ff8ea290000 - 0x00007ff8ea38f000 	C:\windows\System32\COMDLG32.dll
0x00007ff8e96d0000 - 0x00007ff8e9830000 	C:\windows\System32\MSCTF.dll
0x00007ff8c1300000 - 0x00007ff8c1447000 	C:\windows\system32\nvspcap64.dll
0x00007ff8e7e70000 - 0x00007ff8e7ea4000 	C:\windows\SYSTEM32\ntmarta.dll
0x00007ff8e8230000 - 0x00007ff8e8256000 	C:\windows\SYSTEM32\gpapi.dll
0x00007ff8cac60000 - 0x00007ff8cae17000 	C:\windows\System32\DriverStore\FileRepository\nv_dispi.inf_amd64_7621da800da0efae\nvppex.dll
0x00007ff8eb6a0000 - 0x00007ff8eb750000 	C:\windows\System32\clbcatq.dll
0x00007ff8d7cb0000 - 0x00007ff8d7e29000 	C:\Windows\System32\Windows.UI.dll
0x00007ff8da7c0000 - 0x00007ff8da935000 	C:\Windows\System32\Windows.UI.Immersive.dll
0x00007ff8c2cf0000 - 0x00007ff8c2d1d000 	C:\Users\GiaKhanhVN\.openjfx\cache\22.0.2+4\amd64\javafx_iio.dll

dbghelp: loaded successfully - version: 4.0.5 - missing functions: none
symbol engine: initialized successfully - sym options: 0x614 - pdb path: .;C:\Program Files\Java\jdk-22\bin;C:\windows\SYSTEM32;C:\windows\WinSxS\amd64_microsoft.windows.common-controls_6595b64144ccf1df_6.0.22621.3672_none_2713b9d173822955;C:\Program Files\Java\jdk-22\bin\server;C:\Users\GiaKhanhVN\.openjfx\cache\22.0.2+4\amd64;C:\windows\System32\DriverStore\FileRepository\nv_dispi.inf_amd64_7621da800da0efae

VM Arguments:
jvm_args: --module-path=C:\Users\GiaKhanhVN\.m2\repository\org\openjfx\javafx-base\22.0.2\javafx-base-22.0.2-win.jar;C:\Users\GiaKhanhVN\.m2\repository\org\openjfx\javafx-base\22.0.2\javafx-base-22.0.2.jar;C:\Users\GiaKhanhVN\.m2\repository\org\openjfx\javafx-controls\22.0.2\javafx-controls-22.0.2-win.jar;C:\Users\GiaKhanhVN\.m2\repository\org\openjfx\javafx-controls\22.0.2\javafx-controls-22.0.2.jar;C:\Users\GiaKhanhVN\.m2\repository\org\openjfx\javafx-fxml\22.0.2\javafx-fxml-22.0.2-win.jar;C:\Users\GiaKhanhVN\.m2\repository\org\openjfx\javafx-fxml\22.0.2\javafx-fxml-22.0.2.jar;C:\Users\GiaKhanhVN\.m2\repository\org\openjfx\javafx-graphics\22.0.2\javafx-graphics-22.0.2-win.jar;C:\Users\GiaKhanhVN\.m2\repository\org\openjfx\javafx-graphics\22.0.2\javafx-graphics-22.0.2.jar;C:\Users\GiaKhanhVN\.m2\repository\org\openjfx\javafx-media\22.0.2\javafx-media-22.0.2-win.jar;C:\Users\GiaKhanhVN\.m2\repository\org\openjfx\javafx-media\22.0.2\javafx-media-22.0.2.jar --add-modules=javafx.base,javafx.controls,javafx.fxml,javafx.graphics,javafx.media 
java_command: btl.ballgame.client.ArkanoidGame
java_class_path (initial): C:\Users\GiaKhanhVN\eclipse-workspace\oopbtl\target\classes
Launcher Type: SUN_STANDARD

[Global flags]
     intx CICompilerCount                          = 4                                         {product} {ergonomic}
     uint ConcGCThreads                            = 3                                         {product} {ergonomic}
     uint G1ConcRefinementThreads                  = 10                                        {product} {ergonomic}
   size_t G1HeapRegionSize                         = 4194304                                   {product} {ergonomic}
   size_t InitialHeapSize                          = 524288000                                 {product} {ergonomic}
   size_t MarkStackSize                            = 4194304                                   {product} {ergonomic}
   size_t MaxHeapSize                              = 8355053568                                {product} {ergonomic}
   size_t MaxNewSize                               = 5012193280                                {product} {ergonomic}
   size_t MinHeapDeltaBytes                        = 4194304                                   {product} {ergonomic}
   size_t MinHeapSize                              = 8388608                                   {product} {ergonomic}
    uintx NonNMethodCodeHeapSize                   = 5839372                                {pd product} {ergonomic}
    uintx NonProfiledCodeHeapSize                  = 122909434                              {pd product} {ergonomic}
    uintx ProfiledCodeHeapSize                     = 122909434                              {pd product} {ergonomic}
    uintx ReservedCodeCacheSize                    = 251658240                              {pd product} {ergonomic}
     bool SegmentedCodeCache                       = true                                      {product} {ergonomic}
   size_t SoftMaxHeapSize                          = 8355053568                             {manageable} {ergonomic}
     bool UseCompressedOops                        = true                           {product lp64_product} {ergonomic}
     bool UseG1GC                                  = true                                      {product} {ergonomic}
     bool UseLargePagesIndividualAllocation        = false                                  {pd product} {ergonomic}

Logging:
Log output configuration:
 #0: stdout all=warning uptime,level,tags foldmultilines=false
 #1: stderr all=off uptime,level,tags foldmultilines=false

Environment Variables:
JAVA_HOME=C:\Program Files\Java\jdk-22
PATH=C:/Users/GiaKhanhVN/.p2/pool/plugins/org.eclipse.justj.openjdk.hotspot.jre.full.win32.x86_64_18.0.2.v20221005-1040/jre/bin/server;C:/Users/GiaKhanhVN/.p2/pool/plugins/org.eclipse.justj.openjdk.hotspot.jre.full.win32.x86_64_18.0.2.v20221005-1040/jre/bin;C:\Program Files (x86)\VMware\VMware Workstation\bin\;c:\program files\common files\oracle\java\javapath;c:\program files (x86)\common files\oracle\java\javapath;c:\windows\system32;c:\windows;c:\windows\system32\wbem;c:\windows\system32\windowspowershell\v1.0\;c:\windows\system32\openssh\;C:\Program Files (x86)\NVIDIA Corporation\PhysX\Common;C:\Program Files\nodejs\;C:\ProgramData\chocolatey\bin;C:\Program Files\dotnet\;C:\Program Files\Cloudflare\Cloudflare WARP\;C:\Program Files (x86)\Universal Extractor;C:\Program Files (x86)\Universal Extractor\bin;C:\Program Files\WireGuard\;C:\Program Files\NVIDIA Corporation\NVIDIA app\NvDLISR;C:\Program Files\Git\cmd;C:\ProgramData\mingw64\mingw64\bin;C:\Users\GiaKhanhVN\AppData\Local\Programs\Python\Python314\Scripts\;C:\Users\GiaKhanhVN\AppData\Local\Programs\Python\Python314\;C:\Users\GiaKhanhVN\.cargo\bin;C:\Users\GiaKhanhVN\AppData\Local\Programs\Python\Python311\Scripts\;C:\Users\GiaKhanhVN\AppData\Local\Programs\Python\Python311\;C:\Users\GiaKhanhVN\AppData\Local\Microsoft\WindowsApps;C:\Users\GiaKhanhVN\AppData\Local\Programs\Microsoft VS Code\bin;D:\CLion 2022.3.1\bin;;C:\Users\GiaKhanhVN\AppData\Roaming\npm;C:\randombins;C:\Users\GiaKhanhVN\.dotnet\tools;C:\Users\GiaKhanhVN\eclipse\java-2022-12\eclipse;
USERNAME=GiaKhanhVN
OS=Windows_NT
PROCESSOR_IDENTIFIER=AMD64 Family 25 Model 97 Stepping 2, AuthenticAMD
TMP=C:\Users\GIAKHA~1\AppData\Local\Temp
TEMP=C:\Users\GIAKHA~1\AppData\Local\Temp




Periodic native trim disabled

---------------  S Y S T E M  ---------------

OS:
 Windows 11 , 64 bit Build 22621 (10.0.22621.3958)
OS uptime: 52 days 2:50 hours
Hyper-V role detected

CPU: total 12 (initial active 12) (12 cores per cpu, 2 threads per core) family 25 model 97 stepping 2 microcode 0x0, cx8, cmov, fxsr, ht, mmx, 3dnowpref, sse, sse2, sse3, ssse3, sse4a, sse4.1, sse4.2, popcnt, lzcnt, tsc, tscinvbit, avx, avx2, aes, erms, clmul, bmi1, bmi2, adx, avx512f, avx512dq, avx512cd, avx512bw, avx512vl, sha, fma, vzeroupper, avx512_vpopcntdq, avx512_vpclmulqdq, avx512_vaes, avx512_vnni, clflush, clflushopt, avx512_vbmi2, avx512_vbmi, hv, rdtscp, rdpid, fsrm, gfni, avx512_bitalg, f16c, cet_ss, avx512_ifma
Processor Information for all 12 processors :
  Max Mhz: 4701, Current Mhz: 4701, Mhz Limit: 4701

Memory: 4k page, system-wide physical 31861M (3536M free)
TotalPageFile size 48245M (AvailPageFile size 917M)
current process WorkingSet (physical memory assigned to process): 788M, peak: 788M
current process commit charge ("private bytes"): 1403M, peak: 2634M

vm_info: Java HotSpot(TM) 64-Bit Server VM (22.0.2+9-70) for windows-amd64 JRE (22.0.2+9-70), built on 2024-06-04T16:52:23Z by "mach5one" with MS VC++ 17.6 (VS2022)

END.
